C:\Users\steve\Documents\Visual Studio 2010\Projects\CS486_Project2\CS486_Project2\x64\Debug\cl.command.1.tlog
C:\Users\steve\Documents\Visual Studio 2010\Projects\CS486_Project2\CS486_Project2\x64\Debug\CL.read.1.tlog
C:\Users\steve\Documents\Visual Studio 2010\Projects\CS486_Project2\CS486_Project2\x64\Debug\CL.write.1.tlog
C:\USERS\STEVE\DOCUMENTS\VISUAL STUDIO 2010\PROJECTS\CS486_PROJECT2\CS486_PROJECT2\X64\DEBUG\CS486_PROJECT2.EXE.EMBED.MANIFEST
C:\USERS\STEVE\DOCUMENTS\VISUAL STUDIO 2010\PROJECTS\CS486_PROJECT2\CS486_PROJECT2\X64\DEBUG\CS486_PROJECT2.EXE.EMBED.MANIFEST.RES
C:\USERS\STEVE\DOCUMENTS\VISUAL STUDIO 2010\PROJECTS\CS486_PROJECT2\CS486_PROJECT2\X64\DEBUG\CS486_PROJECT2.EXE.INTERMEDIATE.MANIFEST
C:\Users\steve\Documents\Visual Studio 2010\Projects\CS486_Project2\CS486_Project2\x64\Debug\CS486_Project2.write.1.tlog
C:\Users\steve\Documents\Visual Studio 2010\Projects\CS486_Project2\CS486_Project2\x64\Debug\CS486_Project2_manifest.rc
C:\USERS\STEVE\DOCUMENTS\VISUAL STUDIO 2010\PROJECTS\CS486_PROJECT2\CS486_PROJECT2\X64\DEBUG\HASHTABLE.OBJ
C:\Users\steve\Documents\Visual Studio 2010\Projects\CS486_Project2\CS486_Project2\x64\Debug\link.9876.read.1.tlog
C:\Users\steve\Documents\Visual Studio 2010\Projects\CS486_Project2\CS486_Project2\x64\Debug\link.9876.write.1.tlog
C:\Users\steve\Documents\Visual Studio 2010\Projects\CS486_Project2\CS486_Project2\x64\Debug\link.9876-cvtres.read.1.tlog
C:\Users\steve\Documents\Visual Studio 2010\Projects\CS486_Project2\CS486_Project2\x64\Debug\link.9876-cvtres.write.1.tlog
C:\Users\steve\Documents\Visual Studio 2010\Projects\CS486_Project2\CS486_Project2\x64\Debug\link.command.1.tlog
C:\Users\steve\Documents\Visual Studio 2010\Projects\CS486_Project2\CS486_Project2\x64\Debug\link.read.1.tlog
C:\Users\steve\Documents\Visual Studio 2010\Projects\CS486_Project2\CS486_Project2\x64\Debug\link.write.1.tlog
C:\Users\steve\Documents\Visual Studio 2010\Projects\CS486_Project2\CS486_Project2\x64\Debug\link-cvtres.read.1.tlog
C:\Users\steve\Documents\Visual Studio 2010\Projects\CS486_Project2\CS486_Project2\x64\Debug\link-cvtres.write.1.tlog
C:\USERS\STEVE\DOCUMENTS\VISUAL STUDIO 2010\PROJECTS\CS486_PROJECT2\CS486_PROJECT2\X64\DEBUG\MAIN.OBJ
C:\Users\steve\Documents\Visual Studio 2010\Projects\CS486_Project2\CS486_Project2\x64\Debug\mt.command.1.tlog
C:\Users\steve\Documents\Visual Studio 2010\Projects\CS486_Project2\CS486_Project2\x64\Debug\mt.read.1.tlog
C:\Users\steve\Documents\Visual Studio 2010\Projects\CS486_Project2\CS486_Project2\x64\Debug\mt.write.1.tlog
C:\Users\steve\Documents\Visual Studio 2010\Projects\CS486_Project2\CS486_Project2\x64\Debug\rc.command.1.tlog
C:\Users\steve\Documents\Visual Studio 2010\Projects\CS486_Project2\CS486_Project2\x64\Debug\rc.read.1.tlog
C:\Users\steve\Documents\Visual Studio 2010\Projects\CS486_Project2\CS486_Project2\x64\Debug\rc.write.1.tlog
C:\Users\steve\Documents\Visual Studio 2010\Projects\CS486_Project2\CS486_Project2\x64\Debug\vc100.idb
C:\USERS\STEVE\DOCUMENTS\VISUAL STUDIO 2010\PROJECTS\CS486_PROJECT2\CS486_PROJECT2\X64\DEBUG\VC100.PDB
C:\USERS\STEVE\DOCUMENTS\VISUAL STUDIO 2010\PROJECTS\CS486_PROJECT2\X64\DEBUG\CS486_PROJECT2.EXE
C:\USERS\STEVE\DOCUMENTS\VISUAL STUDIO 2010\PROJECTS\CS486_PROJECT2\X64\DEBUG\CS486_PROJECT2.ILK
C:\USERS\STEVE\DOCUMENTS\VISUAL STUDIO 2010\PROJECTS\CS486_PROJECT2\X64\DEBUG\CS486_PROJECT2.PDB
