Build started 6/14/2016 6:19:55 PM.
     1>Project "C:\Users\steve\Documents\Visual Studio 2010\Projects\CS486_Project2\CS486_Project2\CS486_Project2.vcxproj" on node 2 (build target(s)).
     1>Building with tools version "4.0".
     1>Target "_CheckForInvalidConfigurationAndPlatform" in file "C:\Windows\Microsoft.NET\Framework\v4.0.30319\Microsoft.Common.Targets" from project "C:\Users\steve\Documents\Visual Studio 2010\Projects\CS486_Project2\CS486_Project2\CS486_Project2.vcxproj" (entry point):
       Task "Error" skipped, due to false condition; ( '$(_InvalidConfigurationError)' == 'true' ) was evaluated as ( '' == 'true' ).
       Task "Warning" skipped, due to false condition; ( '$(_InvalidConfigurationWarning)' == 'true' ) was evaluated as ( '' == 'true' ).
       Using "Message" task from assembly "Microsoft.Build.Tasks.v4.0, Version=4.0.0.0, Culture=neutral, PublicKeyToken=b03f5f7f11d50a3a".
       Task "Message"
         Configuration=Debug
       Done executing task "Message".
       Task "Message"
         Platform=x64
       Done executing task "Message".
       Task "Error" skipped, due to false condition; ('$(OutDir)' != '' and !HasTrailingSlash('$(OutDir)')) was evaluated as ('C:\Users\steve\Documents\Visual Studio 2010\Projects\CS486_Project2\x64\Debug\' != '' and !HasTrailingSlash('C:\Users\steve\Documents\Visual Studio 2010\Projects\CS486_Project2\x64\Debug\')).
       Task "Error" skipped, due to false condition; ('$(BaseIntermediateOutputPath)' != '' and !HasTrailingSlash('$(BaseIntermediateOutputPath)')) was evaluated as ('obj\' != '' and !HasTrailingSlash('obj\')).
       Task "Error" skipped, due to false condition; ('$(IntermediateOutputPath)' != '' and !HasTrailingSlash('$(IntermediateOutputPath)')) was evaluated as ('x64\Debug\' != '' and !HasTrailingSlash('x64\Debug\')).
     1>Done building target "_CheckForInvalidConfigurationAndPlatform" in project "CS486_Project2.vcxproj".
     1>Target "_DetermineManagedStateFromCL" in file "C:\Program Files (x86)\MSBuild\Microsoft.Cpp\v4.0\Microsoft.CppBuild.targets" from project "C:\Users\steve\Documents\Visual Studio 2010\Projects\CS486_Project2\CS486_Project2\CS486_Project2.vcxproj" (target "Build" depends on it):
     1>Done building target "_DetermineManagedStateFromCL" in project "CS486_Project2.vcxproj".
     1>Target "_PrepareForBuild" in file "C:\Program Files (x86)\MSBuild\Microsoft.Cpp\v4.0\Microsoft.BuildSteps.Targets" from project "C:\Users\steve\Documents\Visual Studio 2010\Projects\CS486_Project2\CS486_Project2\CS486_Project2.vcxproj" (target "Build" depends on it):
     1>Done building target "_PrepareForBuild" in project "CS486_Project2.vcxproj".
     1>Target "SetBuildDefaultEnvironmentVariables" in file "C:\Program Files (x86)\MSBuild\Microsoft.Cpp\v4.0\Microsoft.Cpp.targets" from project "C:\Users\steve\Documents\Visual Studio 2010\Projects\CS486_Project2\CS486_Project2\CS486_Project2.vcxproj" (target "Build" depends on it):
       Using "SetEnv" task from assembly "Microsoft.Build.CppTasks.Common, Version=4.0.0.0, Culture=neutral, PublicKeyToken=b03f5f7f11d50a3a".
       Task "SetEnv"
         PATH=C:\Program Files (x86)\Microsoft Visual Studio 10.0\VC\bin\x86_amd64;C:\Program Files (x86)\Microsoft Visual Studio 10.0\VC\bin;c:\Program Files (x86)\Microsoft SDKs\Windows\v7.0A\bin\NETFX 4.0 Tools;c:\Program Files (x86)\Microsoft SDKs\Windows\v7.0A\bin;c:\Program Files (x86)\Microsoft Visual Studio 10.0\Common7\Tools\bin;c:\Program Files (x86)\Microsoft Visual Studio 10.0\Common7\tools;c:\Program Files (x86)\Microsoft Visual Studio 10.0\Common7\ide;C:\Program Files (x86)\HTML Help Workshop;c:\Program Files (x86)\Microsoft SDKs\Windows\v7.0A\\bin;c:\Program Files (x86)\Microsoft SDKs\Windows\v7.0A\\lib\win64;C:\Windows\Microsoft.NET\Framework\v4.0.30319\;;C:\Program Files\Microsoft MPI\Bin\;C:\Program Files\NVIDIA GPU Computing Toolkit\CUDA\v7.5\bin;C:\Program Files\NVIDIA GPU Computing Toolkit\CUDA\v7.5\libnvvp;C:\PROGRA~1\NVIDIA~2\CUDA\v7.0\bin;C:\PROGRA~1\NVIDIA~2\CUDA\v7.0\libnvvp;C:\PROGRA~2\Intel\TRACEA~1\901~1.035\bin;C:\PROGRA~2\Intel\MPI\501~1.037\intel64\bin;C:\PROGRA~2\COMMON~1\Intel\SHARED~2\redist\intel64\mpirt;C:\PROGRA~2\COMMON~1\Intel\SHARED~2\redist\ia32\mpirt;C:\PROGRA~2\COMMON~1\Intel\SHARED~2\redist\intel64\compiler;C:\PROGRA~2\COMMON~1\Intel\SHARED~2\redist\ia32\compiler;C:\PROGRA~1\NVIDIA~2\CUDA\v6.5\bin;C:\PROGRA~1\NVIDIA~2\CUDA\v6.5\libnvvp;C:\PROGRA~1\NVIDIA~2\CUDA\v6.0\bin;C:\PROGRA~1\NVIDIA~2\CUDA\v6.0\libnvvp;C:\ruby\bin;C:\Windows\System32;C:\Windows;C:\Windows\System32\wbem;C:\Windows\System32\WINDOW~1\v1.0\;C:\PROGRA~1\TORTOI~1\bin;C:\MinGW\bin;H:\DEVELO~1\ADT-BU~1\sdk\PLATFO~1;H:\DEVELO~1\ADT-BU~1\sdk\tools;H:\DEVELO~1\APACHE~1.2\bin;C:\PROGRA~2\QUICKT~1\QTSystem\;C:\PROGRA~1\MICROS~4\110\Tools\Binn\;C:\Program Files\MATLAB\R2016a\bin;C:\PROGRA~1\MATLAB\R2013a\runtime\win64;C:\PROGRA~1\MATLAB\R2013a\bin;C:\cygwin64\bin;C:\PROGRA~1\nodejs\;C:\PROGRA~2\WI3CF2~1\8.1\WINDOW~1\;C:\PROGRA~2\MICROS~1\TYPESC~1\1.0\;C:\PROGRA~2\NVIDIA~1\PhysX\Common;C:\PROGRA~2\Skype\Phone\;C:\PROGRA~2\Heroku\bin;C:\PROGRA~2\Git\cmd;C:\Users\steve\Anaconda2;C:\Users\steve\Anaconda2\Scripts;C:\Users\steve\Anaconda2\Library\bin;C:\PROGRA~2\Intel\TRACEA~1\901~1.035\dll;C:\PROGRA~2\FAHCLI~1;C:\Users\steve\LEIN~1\bin;C:\PROGRA~2\MIFA7F~1\bin;C:\apache-maven-3.3.9\bin;C:\Program Files\Java\jdk1.7.0_79\bin;C:\WINDOWS\system32;C:\WINDOWS;C:\WINDOWS\System32\Wbem;C:\WINDOWS\System32\WindowsPowerShell\v1.0\;C:\Program Files (x86)\Skype\Phone\;C:\Program Files\nodejs\;C:\Program Files\Git LFS;C:\Program Files\Microsoft SQL Server\130\Tools\Binn\;C:\Program Files (x86)\Intel\Composer XE 2015\redist\intel64\compiler;C:\Users\steve\Anaconda2;C:\Users\steve\Anaconda2\Scripts;C:\Users\steve\Anaconda2\Library\bin;C:\Program Files (x86)\Intel\Trace Analyzer and Collector\9.0.1.035\dll;C:\Modeltech_pe_edu_10.2a\win32pe_edu;C:\Program Files (x86)\FAHClient;C:\Users\steve\.lein\bin;C:\Program Files (x86)\Microsoft VS Code\bin;C:\Users\steve\AppData\Roaming\npm;
       Done executing task "SetEnv".
       Task "SetEnv" skipped, due to false condition; ('$(_IsNativeEnvironment)' == 'true') was evaluated as ('' == 'true').
       Task "SetEnv"
         LIB=C:\Program Files (x86)\Microsoft Visual Studio 10.0\VC\lib\amd64;C:\Program Files (x86)\Microsoft Visual Studio 10.0\VC\atlmfc\lib\amd64;c:\Program Files (x86)\Microsoft SDKs\Windows\v7.0A\lib\x64;
       Done executing task "SetEnv".
       Task "SetEnv"
         LIBPATH=C:\Program Files (x86)\Microsoft Visual Studio 10.0\VC\atlmfc\lib\amd64;C:\Program Files (x86)\Microsoft Visual Studio 10.0\VC\lib\amd64
       Done executing task "SetEnv".
       Task "SetEnv"
         INCLUDE=C:\Program Files (x86)\Microsoft Visual Studio 10.0\VC\include;C:\Program Files (x86)\Microsoft Visual Studio 10.0\VC\atlmfc\include;c:\Program Files (x86)\Microsoft SDKs\Windows\v7.0A\include;c:\Program Files (x86)\Microsoft SDKs\Windows\v7.0A\\include;
       Done executing task "SetEnv".
     1>Done building target "SetBuildDefaultEnvironmentVariables" in project "CS486_Project2.vcxproj".
       Target "SetUserMacroEnvironmentVariables" skipped, due to false condition; ('@(BuildMacro)' != '') was evaluated as ('' != '').
     1>Target "BeforeResolveReferences" in file "C:\Windows\Microsoft.NET\Framework\v4.0.30319\Microsoft.Common.Targets" from project "C:\Users\steve\Documents\Visual Studio 2010\Projects\CS486_Project2\CS486_Project2\CS486_Project2.vcxproj" (target "ResolveReferences" depends on it):
     1>Done building target "BeforeResolveReferences" in project "CS486_Project2.vcxproj".
     1>Target "AssignProjectConfiguration" in file "C:\Windows\Microsoft.NET\Framework\v4.0.30319\Microsoft.Common.Targets" from project "C:\Users\steve\Documents\Visual Studio 2010\Projects\CS486_Project2\CS486_Project2\CS486_Project2.vcxproj" (target "ResolveReferences" depends on it):
       Using "AssignProjectConfiguration" task from assembly "Microsoft.Build.Tasks.v4.0, Version=4.0.0.0, Culture=neutral, PublicKeyToken=b03f5f7f11d50a3a".
       Task "AssignProjectConfiguration"
       Done executing task "AssignProjectConfiguration".
     1>Done building target "AssignProjectConfiguration" in project "CS486_Project2.vcxproj".
       Target "AssignProjectConfiguration" skipped. Previously built successfully.
     1>Target "_SplitProjectReferencesByFileExistence" in file "C:\Windows\Microsoft.NET\Framework\v4.0.30319\Microsoft.Common.Targets" from project "C:\Users\steve\Documents\Visual Studio 2010\Projects\CS486_Project2\CS486_Project2\CS486_Project2.vcxproj" (target "ResolveProjectReferences" depends on it):
       Task "ResolveNonMSBuildProjectOutput" skipped, due to false condition; ('$(BuildingInsideVisualStudio)'=='true' and '@(ProjectReferenceWithConfiguration)'!='') was evaluated as ('true'=='true' and ''!='').
     1>Done building target "_SplitProjectReferencesByFileExistence" in project "CS486_Project2.vcxproj".
       Target "_RemoveNameMetadataFromProjectReferenceItems" skipped, due to false condition; ('@(ProjectReference)'!='') was evaluated as (''!='').
     1>Target "ResolveProjectReferences" in file "C:\Windows\Microsoft.NET\Framework\v4.0.30319\Microsoft.Common.Targets" from project "C:\Users\steve\Documents\Visual Studio 2010\Projects\CS486_Project2\CS486_Project2\CS486_Project2.vcxproj" (target "ResolveReferences" depends on it):
       Task "MSBuild" skipped, due to false condition; ('%(_MSBuildProjectReferenceExistent.BuildReference)' == 'true' and '@(ProjectReferenceWithConfiguration)' != '' and ('$(BuildingInsideVisualStudio)' == 'true' or '$(BuildProjectReferences)' != 'true') and '$(VisualStudioVersion)' != '10.0' and '@(_MSBuildProjectReferenceExistent)' != '') was evaluated as ('' == 'true' and '' != '' and ('true' == 'true' or 'true' != 'true') and '10.0' != '10.0' and '' != '').
       Task "MSBuild" skipped, due to false condition; ('%(_MSBuildProjectReferenceExistent.BuildReference)' == 'true' and '@(ProjectReferenceWithConfiguration)' != '' and ('$(BuildingInsideVisualStudio)' == 'true' or '$(BuildProjectReferences)' != 'true') and '$(VisualStudioVersion)' == '10.0' and '@(_MSBuildProjectReferenceExistent)' != '') was evaluated as ('' == 'true' and '' != '' and ('true' == 'true' or 'true' != 'true') and '10.0' == '10.0' and '' != '').
       Task "MSBuild" skipped, due to false condition; ('%(_MSBuildProjectReferenceExistent.BuildReference)' == 'true' and '@(ProjectReferenceWithConfiguration)' != '' and '$(BuildingInsideVisualStudio)' != 'true' and '$(BuildProjectReferences)' == 'true' and '@(_MSBuildProjectReferenceExistent)' != '') was evaluated as ('' == 'true' and '' != '' and 'true' != 'true' and 'true' == 'true' and '' != '').
       Task "MSBuild" skipped, due to false condition; ('%(_MSBuildProjectReferenceExistent.BuildReference)' == 'true' and '@(ProjectReferenceWithConfiguration)' != '' and '$(BuildingProject)' == 'true' and '@(_MSBuildProjectReferenceExistent)' != '') was evaluated as ('' == 'true' and '' != '' and 'true' == 'true' and '' != '').
       Task "Warning" skipped, due to false condition; ('@(ProjectReferenceWithConfiguration)' != '' and '@(_MSBuildProjectReferenceNonexistent)' != '') was evaluated as ('' != '' and '' != '').
     1>Done building target "ResolveProjectReferences" in project "CS486_Project2.vcxproj".
       Target "ResolveNativeReferences" skipped, due to false condition; ('@(NativeReference)'!='') was evaluated as (''!='').
     1>Target "GetFrameworkPaths" in file "C:\Windows\Microsoft.NET\Framework\v4.0.30319\Microsoft.NETFramework.targets" from project "C:\Users\steve\Documents\Visual Studio 2010\Projects\CS486_Project2\CS486_Project2\CS486_Project2.vcxproj" (target "ResolveAssemblyReferences" depends on it):
     1>Done building target "GetFrameworkPaths" in project "CS486_Project2.vcxproj".
       Target "GetWinFXPath" skipped, due to false condition; (('@(Page)' != '' or '@(ApplicationDefinition)' != '' or '@(Resource)' != '') and ('$(GetWinFXNativePath)' != '' or '$(GetWinFXWoWPath)' != '' )) was evaluated as (('' != '' or '' != '' or '' != '') and ('' != '' or '' != '' )).
     1>Target "GetReferenceAssemblyPaths" in file "C:\Windows\Microsoft.NET\Framework\v4.0.30319\Microsoft.Common.Targets" from project "C:\Users\steve\Documents\Visual Studio 2010\Projects\CS486_Project2\CS486_Project2\CS486_Project2.vcxproj" (target "ResolveAssemblyReferences" depends on it):
       Task "GetReferenceAssemblyPaths" skipped, due to false condition; ('$(TargetFrameworkMoniker)' != '' and ('$(_TargetFrameworkDirectories)' == '' or '$(_FullFrameworkReferenceAssemblyPaths)' == '')) was evaluated as ('.NETFramework,Version=v4.0' != '' and ('C:\Program Files (x86)\Reference Assemblies\Microsoft\Framework\.NETFramework\v4.0' == '' or 'C:\Program Files (x86)\Reference Assemblies\Microsoft\Framework\.NETFramework\v4.0' == '')).
     1>Done building target "GetReferenceAssemblyPaths" in project "CS486_Project2.vcxproj".
     1>Target "PlatformPrepareForBuild" in file "C:\Program Files (x86)\MSBuild\Microsoft.Cpp\v4.0\Platforms\x64\Microsoft.Cpp.x64.Targets" from project "C:\Users\steve\Documents\Visual Studio 2010\Projects\CS486_Project2\CS486_Project2\CS486_Project2.vcxproj" (target "PrepareForBuild" depends on it):
       Task "VCMessage" skipped, due to false condition; (!(exists('$(VCTargetsPath)\Platforms\x64\PlatformToolsets\$(PlatformToolset)\Microsoft.Cpp.x64.$(PlatformToolset).targets'))) was evaluated as (!(exists('C:\Program Files (x86)\MSBuild\Microsoft.Cpp\v4.0\\Platforms\x64\PlatformToolsets\v100\Microsoft.Cpp.x64.v100.targets'))).
     1>Done building target "PlatformPrepareForBuild" in project "CS486_Project2.vcxproj".
       Target "GetFrameworkPaths" skipped. Previously built successfully.
       Target "GetReferenceAssemblyPaths" skipped. Previously built successfully.
     1>Target "PrepareForBuild" in file "C:\Program Files (x86)\MSBuild\Microsoft.Cpp\v4.0\Microsoft.CppBuild.targets" from project "C:\Users\steve\Documents\Visual Studio 2010\Projects\CS486_Project2\CS486_Project2\CS486_Project2.vcxproj" (target "ResolveAssemblyReferences" depends on it):
       Task "VCMessage" skipped, due to false condition; ('$(DesignTimeBuild)'!='true' and '$(ConfigurationPlatformExists)' != 'true') was evaluated as (''!='true' and 'true' != 'true').
       Using "MakeDir" task from assembly "Microsoft.Build.Tasks.v4.0, Version=4.0.0.0, Culture=neutral, PublicKeyToken=b03f5f7f11d50a3a".
       Task "MakeDir"
       Done executing task "MakeDir".
       Task "VCMessage" skipped, due to false condition; ('$(DesignTimeBuild)'!='true' and '$(VCInstallDir)'=='' and '$(UseEnv)' != 'true' and ($(TargetFrameworkVersion)=='v3.5' or $(TargetFrameworkVersion)=='v3.0' or $(TargetFrameworkVersion)=='v2.0' )) was evaluated as (''!='true' and 'C:\Program Files (x86)\Microsoft Visual Studio 10.0\VC\'=='' and '' != 'true' and (v4.0=='v3.5' or v4.0=='v3.0' or v4.0=='v2.0' )).
       Task "VCMessage" skipped, due to false condition; ('$(DesignTimeBuild)'!='true' and '$(VCInstallDir)'=='' and '$(UseEnv)' != 'true' and '$(PlatformToolset)'=='v90') was evaluated as (''!='true' and 'C:\Program Files (x86)\Microsoft Visual Studio 10.0\VC\'=='' and '' != 'true' and 'v100'=='v90').
       Task "VCMessage" skipped, due to false condition; ('$(VCInstallDir)'=='' and '$(UseEnv)' != 'true') was evaluated as ('C:\Program Files (x86)\Microsoft Visual Studio 10.0\VC\'=='' and '' != 'true').
       Task "VCMessage" skipped, due to false condition; ('$(WindowsSDKDir)'=='' and '$(UseEnv)' != 'true') was evaluated as ('c:\Program Files (x86)\Microsoft SDKs\Windows\v7.0A\'=='' and '' != 'true').
       Task "VCMessage" skipped, due to false condition; ('$(IntDirTrailingSlashWarning)'=='true') was evaluated as (''=='true').
       Task "VCMessage" skipped, due to false condition; ('$(OutDirTrailingSlashWarning)'=='true') was evaluated as (''=='true').
       Task "MakeDir"
       Done executing task "MakeDir".
     1>Done building target "PrepareForBuild" in project "CS486_Project2.vcxproj".
     1>Target "GetInstalledSDKLocations" in file "C:\Windows\Microsoft.NET\Framework\v4.0.30319\Microsoft.Common.Targets" from project "C:\Users\steve\Documents\Visual Studio 2010\Projects\CS486_Project2\CS486_Project2\CS486_Project2.vcxproj" (target "ResolveSDKReferences" depends on it):
       Task "GetInstalledSDKLocations" skipped, due to false condition; ('@(SDKReference)' != '') was evaluated as ('' != '').
     1>Done building target "GetInstalledSDKLocations" in project "CS486_Project2.vcxproj".
     1>Target "ResolveSDKReferences" in file "C:\Windows\Microsoft.NET\Framework\v4.0.30319\Microsoft.Common.Targets" from project "C:\Users\steve\Documents\Visual Studio 2010\Projects\CS486_Project2\CS486_Project2\CS486_Project2.vcxproj" (target "ResolveAssemblyReferences" depends on it):
       Task "ResolveSDKReference" skipped, due to false condition; ('@(SDKReference)'!='') was evaluated as (''!='').
     1>Done building target "ResolveSDKReferences" in project "CS486_Project2.vcxproj".
       Target "ResolveSDKReferences" skipped. Previously built successfully.
     1>Target "ExpandSDKReferences" in file "C:\Windows\Microsoft.NET\Framework\v4.0.30319\Microsoft.Common.Targets" from project "C:\Users\steve\Documents\Visual Studio 2010\Projects\CS486_Project2\CS486_Project2\CS486_Project2.vcxproj" (target "ResolveAssemblyReferences" depends on it):
       Task "GetSDKReferenceFiles" skipped, due to false condition; ('@(ResolvedSDKReference)'!='') was evaluated as (''!='').
     1>Done building target "ExpandSDKReferences" in project "CS486_Project2.vcxproj".
     1>Target "ResolveAssemblyReferences" in file "C:\Windows\Microsoft.NET\Framework\v4.0.30319\Microsoft.Common.Targets" from project "C:\Users\steve\Documents\Visual Studio 2010\Projects\CS486_Project2\CS486_Project2\CS486_Project2.vcxproj" (target "ResolveReferences" depends on it):
       Using "ResolveAssemblyReference" task from assembly "Microsoft.Build.Tasks.v4.0, Version=4.0.0.0, Culture=neutral, PublicKeyToken=b03f5f7f11d50a3a".
       Task "ResolveAssemblyReference"
         TargetFrameworkMoniker:
             .NETFramework,Version=v4.0
         TargetFrameworkMonikerDisplayName:
             .NET Framework 4
         TargetedRuntimeVersion:
             v4.0.30319
         Assemblies:
             System.Core
         AssemblyFiles:
         CandidateAssemblyFiles:
         TargetFrameworkDirectories:
             C:\Program Files (x86)\Reference Assemblies\Microsoft\Framework\.NETFramework\v4.0
         InstalledAssemblyTables:
         IgnoreInstalledAssemblyTable:
             False
         SearchPaths:
             {CandidateAssemblyFiles}
             C:\Program Files (x86)\Microsoft Visual Studio 10.0\VC\atlmfc\lib\amd64
             C:\Program Files (x86)\Microsoft Visual Studio 10.0\VC\lib\amd64
             {HintPathFromItem}
             {TargetFrameworkDirectory}
             {Registry:Software\Microsoft\.NETFramework,v4.0,AssemblyFoldersEx}
             {AssemblyFolders}
             {GAC}
             {RawFileName}
             C:\Users\steve\Documents\Visual Studio 2010\Projects\CS486_Project2\x64\Debug\
         AllowedAssemblyExtensions:
             .winmd
             .dll
             .exe
         AllowedRelatedFileExtensions:
             .pdb
             .xml
             .pri
         AppConfigFile:
             
         AutoUnify:
             False
         CopyLocalDependenciesWhenParentReferenceInGac:
             True
         FindDependencies:
             True
         TargetProcessorArchitecture:
             amd64
         StateFile:
             x64\Debug\CS486_Project2.vcxprojResolveAssemblyReference.cache
         InstalledAssemblySubsetTables:
         IgnoreInstalledAssemblySubsetTable:
             False
         TargetFrameworkSubsets:
         FullTargetFrameworkSubsetNames:
             Full
         ProfileName:
             
         FullFrameworkFolders:
             C:\Program Files (x86)\Reference Assemblies\Microsoft\Framework\.NETFramework\v4.0
         LatestTargetFrameworkDirectories:
         ProfileTablesLocation:
         Primary reference "System.Core, Version=4.0.0.0, Culture=neutral, PublicKeyToken=b77a5c561934e089".
             Resolved file path is "C:\Program Files (x86)\Reference Assemblies\Microsoft\Framework\.NETFramework\v4.0\System.Core.dll".
             Reference found at search path location "{TargetFrameworkDirectory}".
                 For SearchPath "C:\Program Files (x86)\Microsoft Visual Studio 10.0\VC\atlmfc\lib\amd64".
                 Considered "C:\Program Files (x86)\Microsoft Visual Studio 10.0\VC\atlmfc\lib\amd64\System.Core.winmd", but it didn't exist.
                 Considered "C:\Program Files (x86)\Microsoft Visual Studio 10.0\VC\atlmfc\lib\amd64\System.Core.dll", but it didn't exist.
                 Considered "C:\Program Files (x86)\Microsoft Visual Studio 10.0\VC\atlmfc\lib\amd64\System.Core.exe", but it didn't exist.
                 For SearchPath "C:\Program Files (x86)\Microsoft Visual Studio 10.0\VC\lib\amd64".
                 Considered "C:\Program Files (x86)\Microsoft Visual Studio 10.0\VC\lib\amd64\System.Core.winmd", but it didn't exist.
                 Considered "C:\Program Files (x86)\Microsoft Visual Studio 10.0\VC\lib\amd64\System.Core.dll", but it didn't exist.
                 Considered "C:\Program Files (x86)\Microsoft Visual Studio 10.0\VC\lib\amd64\System.Core.exe", but it didn't exist.
                 For SearchPath "{TargetFrameworkDirectory}".
                 Considered "C:\Program Files (x86)\Reference Assemblies\Microsoft\Framework\.NETFramework\v4.0\System.Core.winmd", but it didn't exist.
             This reference is not "CopyLocal" because it's a prerequisite file.
             The ImageRuntimeVersion for this reference is "v4.0.30319".
       Done executing task "ResolveAssemblyReference".
     1>Done building target "ResolveAssemblyReferences" in project "CS486_Project2.vcxproj".
       Target "ResolveComReferences" skipped, due to false condition; ('@(COMReference)'!='' or '@(COMFileReference)'!='') was evaluated as (''!='' or ''!='').
     1>Target "AfterResolveReferences" in file "C:\Windows\Microsoft.NET\Framework\v4.0.30319\Microsoft.Common.Targets" from project "C:\Users\steve\Documents\Visual Studio 2010\Projects\CS486_Project2\CS486_Project2\CS486_Project2.vcxproj" (target "ResolveReferences" depends on it):
     1>Done building target "AfterResolveReferences" in project "CS486_Project2.vcxproj".
       Target "ImplicitlyExpandDesignTimeFacades" skipped, due to false condition; ('$(ImplicitlyExpandDesignTimeFacades)' == 'true') was evaluated as ('' == 'true').
       Target "ResolveTestReferences" skipped, due to false condition; ('@(Shadow)'!='') was evaluated as (''!='').
     1>Target "ResolveReferences" in file "C:\Windows\Microsoft.NET\Framework\v4.0.30319\Microsoft.Common.Targets" from project "C:\Users\steve\Documents\Visual Studio 2010\Projects\CS486_Project2\CS486_Project2\CS486_Project2.vcxproj" (target "Build" depends on it):
     1>Done building target "ResolveReferences" in project "CS486_Project2.vcxproj".
       Target "PrepareForBuild" skipped. Previously built successfully.
       Target "PrepareForBuild" skipped. Previously built successfully.
     1>Target "InitializeBuildStatus" in file "C:\Program Files (x86)\MSBuild\Microsoft.Cpp\v4.0\Microsoft.CppBuild.targets" from project "C:\Users\steve\Documents\Visual Studio 2010\Projects\CS486_Project2\CS486_Project2\CS486_Project2.vcxproj" (target "Build" depends on it):
       Using "ReadLinesFromFile" task from assembly "Microsoft.Build.Tasks.v4.0, Version=4.0.0.0, Culture=neutral, PublicKeyToken=b03f5f7f11d50a3a".
       Task "ReadLinesFromFile"
       Done executing task "ReadLinesFromFile".
       Using "WriteLinesToFile" task from assembly "Microsoft.Build.Tasks.v4.0, Version=4.0.0.0, Culture=neutral, PublicKeyToken=b03f5f7f11d50a3a".
       Task "WriteLinesToFile"
       Done executing task "WriteLinesToFile".
       Using "Touch" task from assembly "Microsoft.Build.Tasks.v4.0, Version=4.0.0.0, Culture=neutral, PublicKeyToken=b03f5f7f11d50a3a".
       Task "Touch"
         Creating "x64\Debug\CS486_Project2.unsuccessfulbuild" because "AlwaysCreate" was specified.
       Done executing task "Touch".
     1>Done building target "InitializeBuildStatus" in project "CS486_Project2.vcxproj".
       Target "AssignProjectConfiguration" skipped. Previously built successfully.
       Target "_SplitProjectReferencesByFileExistence" skipped. Previously built successfully.
     1>Target "BuildGenerateSourcesTraverse" in file "C:\Windows\Microsoft.NET\Framework\v4.0.30319\Microsoft.Common.Targets" from project "C:\Users\steve\Documents\Visual Studio 2010\Projects\CS486_Project2\CS486_Project2\CS486_Project2.vcxproj" (target "BuildGenerateSources" depends on it):
       Task "MSBuild" skipped, due to false condition; ('$(BuildPassReferences)' == 'true' and '@(ProjectReferenceWithConfiguration)' != '' and '@(_MSBuildProjectReferenceExistent)' != '' and '%(_MSBuildProjectReferenceExistent.BuildReference)' == 'true') was evaluated as ('' == 'true' and '' != '' and '' != '' and '' == 'true').
     1>Done building target "BuildGenerateSourcesTraverse" in project "CS486_Project2.vcxproj".
       Target "SetBuildDefaultEnvironmentVariables" skipped. Previously built successfully.
       Target "SetUserMacroEnvironmentVariables" skipped, due to false condition; ('@(BuildMacro)' != '') was evaluated as ('' != '').
       Target "PrepareForBuild" skipped. Previously built successfully.
       Target "ResolveReferences" skipped. Previously built successfully.
     1>Target "BeforeBuildGenerateSources" in file "C:\Program Files (x86)\MSBuild\Microsoft.Cpp\v4.0\Microsoft.BuildSteps.Targets" from project "C:\Users\steve\Documents\Visual Studio 2010\Projects\CS486_Project2\CS486_Project2\CS486_Project2.vcxproj" (target "BuildGenerateSources" depends on it):
     1>Done building target "BeforeBuildGenerateSources" in project "CS486_Project2.vcxproj".
     1>Target "PreBuildEvent" in file "C:\Program Files (x86)\MSBuild\Microsoft.Cpp\v4.0\Microsoft.CppCommon.targets" from project "C:\Users\steve\Documents\Visual Studio 2010\Projects\CS486_Project2\CS486_Project2\CS486_Project2.vcxproj" (target "BuildGenerateSources" depends on it):
       Task "Message" skipped, due to false condition; ('%(PreBuildEvent.Message)' != '' and '%(PreBuildEvent.Command)' != '') was evaluated as ('' != '' and '' != '').
       Task "Exec" skipped, due to false condition; ('%(PreBuildEvent.Command)' != '') was evaluated as ('' != '').
     1>Done building target "PreBuildEvent" in project "CS486_Project2.vcxproj".
       Target "CustomBuild" skipped, due to false condition; ('@(CustomBuild)' != '') was evaluated as ('' != '').
     1>Target "_GenerateXMLData" in file "C:\Program Files (x86)\MSBuild\Microsoft.Cpp\v4.0\Microsoft.CppBuild.targets" from project "C:\Users\steve\Documents\Visual Studio 2010\Projects\CS486_Project2\CS486_Project2\CS486_Project2.vcxproj" (target "BuildGenerateSources" depends on it):
     1>Done building target "_GenerateXMLData" in project "CS486_Project2.vcxproj".
     1>Target "_GenerateWebServiceProxy" in file "C:\Program Files (x86)\MSBuild\Microsoft.Cpp\v4.0\Microsoft.CppBuild.targets" from project "C:\Users\steve\Documents\Visual Studio 2010\Projects\CS486_Project2\CS486_Project2\CS486_Project2.vcxproj" (target "BuildGenerateSources" depends on it):
     1>Done building target "_GenerateWebServiceProxy" in project "CS486_Project2.vcxproj".
       Target "Xsd" skipped, due to false condition; ('@(Xsd)' != '') was evaluated as ('' != '').
     1>Target "_Xsd" in file "C:\Program Files (x86)\MSBuild\Microsoft.Cpp\v4.0\Microsoft.CppBuild.targets" from project "C:\Users\steve\Documents\Visual Studio 2010\Projects\CS486_Project2\CS486_Project2\CS486_Project2.vcxproj" (target "BuildGenerateSources" depends on it):
     1>Done building target "_Xsd" in project "CS486_Project2.vcxproj".
     1>Target "MakeDirsForMidl" in file "C:\Program Files (x86)\MSBuild\Microsoft.Cpp\v4.0\Microsoft.CppBuild.targets" from project "C:\Users\steve\Documents\Visual Studio 2010\Projects\CS486_Project2\CS486_Project2\CS486_Project2.vcxproj" (target "_Midl" depends on it):
       Task "Makedir"
       Done executing task "Makedir".
     1>Done building target "MakeDirsForMidl" in project "CS486_Project2.vcxproj".
       Target "Midl" skipped, due to false condition; ('@(Midl)' != '') was evaluated as ('' != '').
       Target "CustomBuild" skipped, due to false condition; ('@(CustomBuild)' != '') was evaluated as ('' != '').
     1>Target "ComputeMIDLGeneratedCompileInputs" in file "C:\Program Files (x86)\MSBuild\Microsoft.Cpp\v4.0\Microsoft.CppBuild.targets" from project "C:\Users\steve\Documents\Visual Studio 2010\Projects\CS486_Project2\CS486_Project2\CS486_Project2.vcxproj" (target "_Midl" depends on it):
     1>Done building target "ComputeMIDLGeneratedCompileInputs" in project "CS486_Project2.vcxproj".
     1>Target "AfterMidl" in file "C:\Program Files (x86)\MSBuild\Microsoft.Cpp\v4.0\Microsoft.CppBuild.targets" from project "C:\Users\steve\Documents\Visual Studio 2010\Projects\CS486_Project2\CS486_Project2\CS486_Project2.vcxproj" (target "_Midl" depends on it):
     1>Done building target "AfterMidl" in project "CS486_Project2.vcxproj".
     1>Target "_Midl" in file "C:\Program Files (x86)\MSBuild\Microsoft.Cpp\v4.0\Microsoft.CppBuild.targets" from project "C:\Users\steve\Documents\Visual Studio 2010\Projects\CS486_Project2\CS486_Project2\CS486_Project2.vcxproj" (target "BuildGenerateSources" depends on it):
     1>Done building target "_Midl" in project "CS486_Project2.vcxproj".
     1>Target "AfterBuildGenerateSources" in file "C:\Program Files (x86)\MSBuild\Microsoft.Cpp\v4.0\Microsoft.BuildSteps.Targets" from project "C:\Users\steve\Documents\Visual Studio 2010\Projects\CS486_Project2\CS486_Project2\CS486_Project2.vcxproj" (target "BuildGenerateSources" depends on it):
     1>Done building target "AfterBuildGenerateSources" in project "CS486_Project2.vcxproj".
     1>Target "AfterBuildGenerateSourcesEvent" in file "C:\Program Files (x86)\MSBuild\Microsoft.Cpp\v4.0\Microsoft.CppBuild.targets" from project "C:\Users\steve\Documents\Visual Studio 2010\Projects\CS486_Project2\CS486_Project2\CS486_Project2.vcxproj" (target "BuildGenerateSources" depends on it):
     1>Done building target "AfterBuildGenerateSourcesEvent" in project "CS486_Project2.vcxproj".
     1>Target "BuildGenerateSources" in file "C:\Windows\Microsoft.NET\Framework\v4.0.30319\Microsoft.Common.Targets" from project "C:\Users\steve\Documents\Visual Studio 2010\Projects\CS486_Project2\CS486_Project2\CS486_Project2.vcxproj" (target "Build" depends on it):
     1>Done building target "BuildGenerateSources" in project "CS486_Project2.vcxproj".
       Target "AssignProjectConfiguration" skipped. Previously built successfully.
       Target "_SplitProjectReferencesByFileExistence" skipped. Previously built successfully.
     1>Target "BuildCompileTraverse" in file "C:\Windows\Microsoft.NET\Framework\v4.0.30319\Microsoft.Common.Targets" from project "C:\Users\steve\Documents\Visual Studio 2010\Projects\CS486_Project2\CS486_Project2\CS486_Project2.vcxproj" (target "BuildCompile" depends on it):
       Task "MSBuild" skipped, due to false condition; ('$(BuildPassReferences)' == 'true' and '@(ProjectReferenceWithConfiguration)' != '' and '@(_MSBuildProjectReferenceExistent)' != ''  and '%(_MSBuildProjectReferenceExistent.BuildReference)' == 'true') was evaluated as ('' == 'true' and '' != '' and '' != ''  and '' == 'true').
     1>Done building target "BuildCompileTraverse" in project "CS486_Project2.vcxproj".
       Target "SetBuildDefaultEnvironmentVariables" skipped. Previously built successfully.
       Target "SetUserMacroEnvironmentVariables" skipped, due to false condition; ('@(BuildMacro)' != '') was evaluated as ('' != '').
       Target "PrepareForBuild" skipped. Previously built successfully.
       Target "ResolveReferences" skipped. Previously built successfully.
     1>Target "BeforeClCompile" in file "C:\Program Files (x86)\MSBuild\Microsoft.Cpp\v4.0\Microsoft.CppBuild.targets" from project "C:\Users\steve\Documents\Visual Studio 2010\Projects\CS486_Project2\CS486_Project2\CS486_Project2.vcxproj" (target "_ClCompile" depends on it):
     1>Done building target "BeforeClCompile" in project "CS486_Project2.vcxproj".
       Target "ComputeMIDLGeneratedCompileInputs" skipped. Previously built successfully.
     1>Target "ComputeCLInputPDBName" in file "C:\Program Files (x86)\MSBuild\Microsoft.Cpp\v4.0\Microsoft.CppBuild.targets" from project "C:\Users\steve\Documents\Visual Studio 2010\Projects\CS486_Project2\CS486_Project2\CS486_Project2.vcxproj" (target "_ClCompile" depends on it):
     1>Done building target "ComputeCLInputPDBName" in project "CS486_Project2.vcxproj".
       Target "ResolveReferences" skipped. Previously built successfully.
     1>Target "ComputeReferenceCLInput" in file "C:\Program Files (x86)\MSBuild\Microsoft.Cpp\v4.0\Microsoft.CppBuild.targets" from project "C:\Users\steve\Documents\Visual Studio 2010\Projects\CS486_Project2\CS486_Project2\CS486_Project2.vcxproj" (target "_ClCompile" depends on it):
       Task "WriteLinesToFile"
       Done executing task "WriteLinesToFile".
       Task "Message" skipped, due to false condition; ('$(_REFERENCE_DEBUG)'=='true' and '%(ClCompile.CompileAsManaged)' != 'false' and '%(ClCompile.CompileAsManaged)' != '') was evaluated as (''=='true' and '' != 'false' and '' != '').
     1>Done building target "ComputeReferenceCLInput" in project "CS486_Project2.vcxproj".
     1>Target "MakeDirsForCl" in file "C:\Program Files (x86)\MSBuild\Microsoft.Cpp\v4.0\Microsoft.CppBuild.targets" from project "C:\Users\steve\Documents\Visual Studio 2010\Projects\CS486_Project2\CS486_Project2\CS486_Project2.vcxproj" (target "_ClCompile" depends on it):
       Task "MakeDir"
       Done executing task "MakeDir".
     1>Done building target "MakeDirsForCl" in project "CS486_Project2.vcxproj".
       Target "PrepareForBuild" skipped. Previously built successfully.
       Target "SetBuildDefaultEnvironmentVariables" skipped. Previously built successfully.
       Target "SetUserMacroEnvironmentVariables" skipped, due to false condition; ('@(BuildMacro)' != '') was evaluated as ('' != '').
     1>Target "_SelectedFiles" in file "C:\Program Files (x86)\MSBuild\Microsoft.Cpp\v4.0\Microsoft.CppBuild.targets" from project "C:\Users\steve\Documents\Visual Studio 2010\Projects\CS486_Project2\CS486_Project2\CS486_Project2.vcxproj" (target "SelectClCompile" depends on it):
     1>Done building target "_SelectedFiles" in project "CS486_Project2.vcxproj".
       Target "ComputeMIDLGeneratedCompileInputs" skipped. Previously built successfully.
       Target "ComputeCLInputPDBName" skipped. Previously built successfully.
       Target "ComputeReferenceCLInput" skipped. Previously built successfully.
       Target "_SelectedFiles" skipped. Previously built successfully.
     1>Target "SelectCustomBuild" in file "C:\Program Files (x86)\MSBuild\Microsoft.Cpp\v4.0\Microsoft.CppBuild.targets" from project "C:\Users\steve\Documents\Visual Studio 2010\Projects\CS486_Project2\CS486_Project2\CS486_Project2.vcxproj" (target "SelectClCompile" depends on it):
     1>Done building target "SelectCustomBuild" in project "CS486_Project2.vcxproj".
     1>Target "SelectClCompile" in file "C:\Program Files (x86)\MSBuild\Microsoft.Cpp\v4.0\Microsoft.CppBuild.targets" from project "C:\Users\steve\Documents\Visual Studio 2010\Projects\CS486_Project2\CS486_Project2\CS486_Project2.vcxproj" (target "ClCompile" depends on it):
     1>Done building target "SelectClCompile" in project "CS486_Project2.vcxproj".
       Target "GenerateTargetFrameworkMonikerAttribute" skipped, due to false condition; ('$(GenerateTargetFrameworkAttribute)' == 'true') was evaluated as ('false' == 'true').
       Target "ManagedIncrementalBuildPreProcessDependencyGraph" skipped, due to false condition; ('@(ClCompile)' != '' and '$(EnableManagedIncrementalBuild)' == 'True') was evaluated as ('hashtable.c;main.c' != '' and 'false' == 'True').
     1>Target "CheckInstalledVCLibsIPP" in file "C:\Program Files (x86)\MSBuild\Microsoft.Cpp\v4.0\Platforms\x64\PlatformToolsets\v100\ImportBefore\Intel.Libs.IPP.v100.targets" from project "C:\Users\steve\Documents\Visual Studio 2010\Projects\CS486_Project2\CS486_Project2\CS486_Project2.vcxproj" (target "ClCompile" depends on it):
       Task "ICMessage" skipped, due to false condition; ('$(IPPMajorVersion)' == '7' AND '$(IPPThreadedStatic)'=='0' AND ('$(UseIntelIPP)' == 'Parallel_Static' OR ('$(UseIntelIPP)' == 'true' AND ('%(ClCompile.RuntimeLibrary)' == 'MultiThreaded' OR '%(ClCompile.RuntimeLibrary)' == 'MultiThreadedDebug')))) was evaluated as ('' == '7' AND ''=='0' AND ('false' == 'Parallel_Static' OR ('false' == 'true' AND ('MultiThreadedDebugDll' == 'MultiThreaded' OR 'MultiThreadedDebugDll' == 'MultiThreadedDebug')))).
       Task "ICMessage" skipped, due to false condition; ('$(IPPSingleThreaded)'=='0' AND ('$(UseIntelIPP)' == 'Sequential' OR '$(UseIntelIPP)' == 'Sequential_Dynamic' OR ('$(UseIntelIPP)' == 'true' AND '%(ClCompile.OpenMPSupport)' != 'true')) AND $(IPPMajorVersion) > 7) was evaluated as (''=='0' AND ('false' == 'Sequential' OR 'false' == 'Sequential_Dynamic' OR ('false' == 'true' AND '' != 'true')) AND  > 7).
       Task "ICMessage" skipped, due to false condition; ('$(IPPMultiThreaded)'=='0' AND ('$(UseIntelIPP)' == 'Parallel_Static' OR '$(UseIntelIPP)' == 'Parallel_Dynamic' OR ('$(UseIntelIPP)' == 'true' AND '%(ClCompile.OpenMPSupport)' == 'true')) AND $(IPPMajorVersion) > 7) was evaluated as (''=='0' AND ('false' == 'Parallel_Static' OR 'false' == 'Parallel_Dynamic' OR ('false' == 'true' AND '' == 'true')) AND  > 7).
     1>Done building target "CheckInstalledVCLibsIPP" in project "CS486_Project2.vcxproj".
       Target "SetVCMKLEnvironment" skipped, due to false condition; ('$(UseIntelMKL)' != 'No' AND '$(PlatformToolset)' == 'v100') was evaluated as ('No' != 'No' AND 'v100' == 'v100').
       Target "CheckInstalledVCLibsMKL" skipped, due to false condition; ('$(UseIntelMKL)' != 'No' AND '$(PlatformToolset)' == 'v100') was evaluated as ('No' != 'No' AND 'v100' == 'v100').
       Target "CheckIntelEnvironmentForVCLibsIPP" skipped, due to false condition; ('$(PlatformToolset)' == 'v100' AND '$(UseIntelIPP)' != '' AND '$(UseIntelIPP)' != 'false' AND '$(UseEnv)' != 'true') was evaluated as ('v100' == 'v100' AND 'false' != '' AND 'false' != 'false' AND '' != 'true').
       Target "CheckIntelEnvironmentForVCLibsMKL" skipped, due to false condition; ('$(UseIntelMKL)' != 'No' AND '$(UseEnv)' != 'true' AND '$(PlatformToolset)' == 'v100') was evaluated as ('No' != 'No' AND '' != 'true' AND 'v100' == 'v100').
     1>Target "ClCompile" in file "C:\Program Files (x86)\MSBuild\Microsoft.Cpp\v4.0\Platforms\x64\Microsoft.Cpp.x64.Targets" from project "C:\Users\steve\Documents\Visual Studio 2010\Projects\CS486_Project2\CS486_Project2\CS486_Project2.vcxproj" (target "_ClCompile" depends on it):
       Task "Delete" skipped, due to false condition; ('%(ClCompile.DebugInformationFormat)' != '' and '%(ClCompile.DebugInformationFormat)' != 'OldStyle' and '%(ClCompile.ProgramDataBaseFileName)' != '' and !Exists(%(ClCompile.ProgramDataBaseFileName))) was evaluated as ('ProgramDatabase' != '' and 'ProgramDatabase' != 'OldStyle' and 'x64\Debug\vc100.pdb' != '' and !Exists(x64\Debug\vc100.pdb)).
       Task "CL" skipped, due to false condition; ('%(ClCompile.PrecompiledHeader)' == 'Create' and '%(ClCompile.ExcludedFromBuild)'!='true') was evaluated as ('' == 'Create' and ''!='true').
       Using "CL" task from assembly "Microsoft.Build.CppTasks.x64, Version=4.0.0.0, Culture=neutral, PublicKeyToken=b03f5f7f11d50a3a".
       Task "CL"
         Read Tracking Logs:
         	x64\Debug\cl.read.1.tlog
         Outputs for C:\USERS\STEVE\DOCUMENTS\VISUAL STUDIO 2010\PROJECTS\CS486_PROJECT2\CS486_PROJECT2\HASHTABLE.C|C:\USERS\STEVE\DOCUMENTS\VISUAL STUDIO 2010\PROJECTS\CS486_PROJECT2\CS486_PROJECT2\MAIN.C:
         	C:\USERS\STEVE\DOCUMENTS\VISUAL STUDIO 2010\PROJECTS\CS486_PROJECT2\CS486_PROJECT2\X64\DEBUG\HASHTABLE.OBJ
         	C:\USERS\STEVE\DOCUMENTS\VISUAL STUDIO 2010\PROJECTS\CS486_PROJECT2\CS486_PROJECT2\X64\DEBUG\MAIN.OBJ
         main.c will be compiled as C:\Users\steve\Documents\Visual Studio 2010\Projects\CS486_Project2\CS486_Project2\main.c was modified at 6/14/2016 6:19:52 PM.
         Environment Variables passed to tool:
           VS_UNICODE_OUTPUT=1744
         C:\Program Files (x86)\Microsoft Visual Studio 10.0\VC\bin\x86_amd64\CL.exe /c /I"C:\Program Files\Microsoft MPI\Inc\\" /Zi /nologo /W3 /WX- /Od /D WIN32 /D _DEBUG /D _CONSOLE /D _UNICODE /D UNICODE /Gm /EHsc /RTC1 /MDd /GS /fp:precise /Zc:wchar_t /Zc:forScope /Fo"x64\Debug\\" /Fd"x64\Debug\vc100.pdb" /Gd /TC /errorReport:prompt main.c
         Tracking command:
         C:\Program Files (x86)\Microsoft SDKs\Windows\v8.0A\bin\NETFX 4.0 Tools\Tracker.exe /d C:\Windows\Microsoft.NET\Framework\v4.0.30319\FileTracker.dll /i "C:\Users\steve\Documents\Visual Studio 2010\Projects\CS486_Project2\CS486_Project2\x64\Debug" /r "C:\USERS\STEVE\DOCUMENTS\VISUAL STUDIO 2010\PROJECTS\CS486_PROJECT2\CS486_PROJECT2\MAIN.C" /b MSBuildConsole_CancelEvent04c7165230534b43a967a1d470631055  /c "C:\Program Files (x86)\Microsoft Visual Studio 10.0\VC\bin\x86_amd64\CL.exe"  /c /I"C:\Program Files\Microsoft MPI\Inc\\" /Zi /nologo /W3 /WX- /Od /D WIN32 /D _DEBUG /D _CONSOLE /D _UNICODE /D UNICODE /Gm /EHsc /RTC1 /MDd /GS /fp:precise /Zc:wchar_t /Zc:forScope /Fo"x64\Debug\\" /Fd"x64\Debug\vc100.pdb" /Gd /TC /errorReport:prompt main.c
         main.c
     1>main.c(84): warning C4013: 'del' undefined; assuming extern returning int
     1>main.c(89): warning C4013: 'end' undefined; assuming extern returning int
     1>main.c(12): warning C4101: 'nodepoolentriesk' : unreferenced local variable
     1>main.c(9): warning C4101: 'instructionmsg' : unreferenced local variable
     1>main.c(12): warning C4101: 'nodepoolentriesv' : unreferenced local variable
     1>main.c(13): warning C4101: 'claimedfilepoolkeys' : unreferenced local variable
     1>main.c(11): warning C4101: 'filepoolnumel' : unreferenced local variable
     1>main.c(9): warning C4101: 'ctr' : unreferenced local variable
     1>main.c(17): warning C4101: 'resultlen' : unreferenced local variable
     1>main.c(9): warning C4101: 'size' : unreferenced local variable
     1>main.c(18): warning C4101: 'status' : unreferenced local variable
     1>main.c(16): warning C4101: 'errstr' : unreferenced local variable
     1>main.c(11): warning C4101: 'nodepoolnumel' : unreferenced local variable
     1>main.c(13): warning C4101: 'filepoolkeys' : unreferenced local variable
     1>main.c(11): warning C4101: 'claimedfilepoolnumel' : unreferenced local variable
     1>main.c(131): warning C4996: 'strcpy': This function or variable may be unsafe. Consider using strcpy_s instead. To disable deprecation, use _CRT_SECURE_NO_WARNINGS. See online help for details.
                 C:\Program Files (x86)\Microsoft Visual Studio 10.0\VC\include\string.h(105) : see declaration of 'strcpy'
     1>main.c(160): warning C4996: 'strcpy': This function or variable may be unsafe. Consider using strcpy_s instead. To disable deprecation, use _CRT_SECURE_NO_WARNINGS. See online help for details.
                 C:\Program Files (x86)\Microsoft Visual Studio 10.0\VC\include\string.h(105) : see declaration of 'strcpy'
     1>main.c(147): warning C4101: 'nodepoolentriesk' : unreferenced local variable
     1>main.c(144): warning C4101: 'err' : unreferenced local variable
     1>main.c(200): warning C4996: 'strcpy': This function or variable may be unsafe. Consider using strcpy_s instead. To disable deprecation, use _CRT_SECURE_NO_WARNINGS. See online help for details.
                 C:\Program Files (x86)\Microsoft Visual Studio 10.0\VC\include\string.h(105) : see declaration of 'strcpy'
     1>main.c(187): warning C4101: 'nodepoolentriesk' : unreferenced local variable
     1>main.c(184): warning C4101: 'err' : unreferenced local variable
     1>main.c(241): warning C4996: 'strcpy': This function or variable may be unsafe. Consider using strcpy_s instead. To disable deprecation, use _CRT_SECURE_NO_WARNINGS. See online help for details.
                 C:\Program Files (x86)\Microsoft Visual Studio 10.0\VC\include\string.h(105) : see declaration of 'strcpy'
     1>main.c(228): warning C4101: 'nodepoolentriesk' : unreferenced local variable
     1>main.c(225): warning C4101: 'err' : unreferenced local variable
     1>main.c(292): warning C4996: 'strcpy': This function or variable may be unsafe. Consider using strcpy_s instead. To disable deprecation, use _CRT_SECURE_NO_WARNINGS. See online help for details.
                 C:\Program Files (x86)\Microsoft Visual Studio 10.0\VC\include\string.h(105) : see declaration of 'strcpy'
     1>main.c(265): warning C4101: 'instructionmsg' : unreferenced local variable
     1>main.c(265): warning C4101: 'buff' : unreferenced local variable
     1>main.c(265): warning C4101: 'err' : unreferenced local variable
     1>main.c(353): warning C4996: 'strcpy': This function or variable may be unsafe. Consider using strcpy_s instead. To disable deprecation, use _CRT_SECURE_NO_WARNINGS. See online help for details.
                 C:\Program Files (x86)\Microsoft Visual Studio 10.0\VC\include\string.h(105) : see declaration of 'strcpy'
     1>main.c(429): warning C4996: 'strcpy': This function or variable may be unsafe. Consider using strcpy_s instead. To disable deprecation, use _CRT_SECURE_NO_WARNINGS. See online help for details.
                 C:\Program Files (x86)\Microsoft Visual Studio 10.0\VC\include\string.h(105) : see declaration of 'strcpy'
     1>main.c(467): warning C4996: 'strcpy': This function or variable may be unsafe. Consider using strcpy_s instead. To disable deprecation, use _CRT_SECURE_NO_WARNINGS. See online help for details.
                 C:\Program Files (x86)\Microsoft Visual Studio 10.0\VC\include\string.h(105) : see declaration of 'strcpy'
     1>main.c(487): warning C4996: 'strcpy': This function or variable may be unsafe. Consider using strcpy_s instead. To disable deprecation, use _CRT_SECURE_NO_WARNINGS. See online help for details.
                 C:\Program Files (x86)\Microsoft Visual Studio 10.0\VC\include\string.h(105) : see declaration of 'strcpy'
     1>main.c(512): warning C4996: 'strcpy': This function or variable may be unsafe. Consider using strcpy_s instead. To disable deprecation, use _CRT_SECURE_NO_WARNINGS. See online help for details.
                 C:\Program Files (x86)\Microsoft Visual Studio 10.0\VC\include\string.h(105) : see declaration of 'strcpy'
     1>main.c(612): warning C4996: 'strcpy': This function or variable may be unsafe. Consider using strcpy_s instead. To disable deprecation, use _CRT_SECURE_NO_WARNINGS. See online help for details.
                 C:\Program Files (x86)\Microsoft Visual Studio 10.0\VC\include\string.h(105) : see declaration of 'strcpy'
     1>main.c(652): warning C4996: 'strcpy': This function or variable may be unsafe. Consider using strcpy_s instead. To disable deprecation, use _CRT_SECURE_NO_WARNINGS. See online help for details.
                 C:\Program Files (x86)\Microsoft Visual Studio 10.0\VC\include\string.h(105) : see declaration of 'strcpy'
     1>main.c(690): warning C4996: 'strcpy': This function or variable may be unsafe. Consider using strcpy_s instead. To disable deprecation, use _CRT_SECURE_NO_WARNINGS. See online help for details.
                 C:\Program Files (x86)\Microsoft Visual Studio 10.0\VC\include\string.h(105) : see declaration of 'strcpy'
     1>main.c(397): warning C4101: 'array_of_blocklengths' : unreferenced local variable
     1>main.c(386): warning C4101: 'instructionmsg' : unreferenced local variable
     1>main.c(399): warning C4101: 'charex' : unreferenced local variable
     1>main.c(399): warning C4101: 'intex' : unreferenced local variable
     1>main.c(396): warning C4101: 'array_of_types' : unreferenced local variable
     1>main.c(392): warning C4101: 'resultlen' : unreferenced local variable
     1>main.c(386): warning C4101: 'size' : unreferenced local variable
     1>main.c(387): warning C4101: 'actioncompleted' : unreferenced local variable
     1>main.c(391): warning C4101: 'instructmsg_mpi_t' : unreferenced local variable
     1>main.c(393): warning C4101: 'status' : unreferenced local variable
     1>main.c(398): warning C4101: 'array_of_displaysments' : unreferenced local variable
     1>main.c(388): warning C4101: 'hostnamelen' : unreferenced local variable
     1>main.c(399): warning C4101: 'lb' : unreferenced local variable
     1>main.c(739): warning C4101: 'i' : unreferenced local variable
     1>main.c(789): warning C4101: 'k' : unreferenced local variable
     1>main.c(803): warning C4101: 'k' : unreferenced local variable
     1>main.c(812): warning C4101: 'i' : unreferenced local variable
     1>main.c(812): warning C4101: 'k' : unreferenced local variable
     1>main.c(827): warning C4101: 'i' : unreferenced local variable
     1>main.c(827): warning C4101: 'k' : unreferenced local variable
     1>main.c(847): warning C4101: 'charex' : unreferenced local variable
     1>c:\users\steve\documents\visual studio 2010\projects\cs486_project2\cs486_project2\main.c(712): warning C4715: 'executeinstruction' : not all control paths return a value
       Done executing task "CL".
     1>Done building target "ClCompile" in project "CS486_Project2.vcxproj".
       Target "ManagedIncrementalBuildPostProcessDependencyGraph" skipped, due to false condition; ('@(ClCompile)' != '' and '$(EnableManagedIncrementalBuild)' == 'True') was evaluated as ('hashtable.c;main.c' != '' and 'false' == 'True').
     1>Target "AfterClCompile" in file "C:\Program Files (x86)\MSBuild\Microsoft.Cpp\v4.0\Microsoft.CppBuild.targets" from project "C:\Users\steve\Documents\Visual Studio 2010\Projects\CS486_Project2\CS486_Project2\CS486_Project2.vcxproj" (target "_ClCompile" depends on it):
     1>Done building target "AfterClCompile" in project "CS486_Project2.vcxproj".
     1>Target "_ClCompile" in file "C:\Program Files (x86)\MSBuild\Microsoft.Cpp\v4.0\Microsoft.CppBuild.targets" from project "C:\Users\steve\Documents\Visual Studio 2010\Projects\CS486_Project2\CS486_Project2\CS486_Project2.vcxproj" (target "BuildCompile" depends on it):
     1>Done building target "_ClCompile" in project "CS486_Project2.vcxproj".
       Target "_ResGen" skipped, due to false condition; ('@(EmbeddedResource)'!='') was evaluated as (''!='').
     1>Target "BeforeResourceCompile" in file "C:\Program Files (x86)\MSBuild\Microsoft.Cpp\v4.0\Microsoft.CppBuild.targets" from project "C:\Users\steve\Documents\Visual Studio 2010\Projects\CS486_Project2\CS486_Project2\CS486_Project2.vcxproj" (target "_ResourceCompile" depends on it):
     1>Done building target "BeforeResourceCompile" in project "CS486_Project2.vcxproj".
     1>Target "MakeDirsForResourceCompile" in file "C:\Program Files (x86)\MSBuild\Microsoft.Cpp\v4.0\Microsoft.CppBuild.targets" from project "C:\Users\steve\Documents\Visual Studio 2010\Projects\CS486_Project2\CS486_Project2\CS486_Project2.vcxproj" (target "_ResourceCompile" depends on it):
       Task "MakeDir"
       Done executing task "MakeDir".
     1>Done building target "MakeDirsForResourceCompile" in project "CS486_Project2.vcxproj".
       Target "ResourceCompile" skipped, due to false condition; ('@(ResourceCompile)' != '') was evaluated as ('' != '').
     1>Target "AfterResourceCompile" in file "C:\Program Files (x86)\MSBuild\Microsoft.Cpp\v4.0\Microsoft.CppBuild.targets" from project "C:\Users\steve\Documents\Visual Studio 2010\Projects\CS486_Project2\CS486_Project2\CS486_Project2.vcxproj" (target "_ResourceCompile" depends on it):
     1>Done building target "AfterResourceCompile" in project "CS486_Project2.vcxproj".
     1>Target "_ResourceCompile" in file "C:\Program Files (x86)\MSBuild\Microsoft.Cpp\v4.0\Microsoft.CppBuild.targets" from project "C:\Users\steve\Documents\Visual Studio 2010\Projects\CS486_Project2\CS486_Project2\CS486_Project2.vcxproj" (target "BuildCompile" depends on it):
     1>Done building target "_ResourceCompile" in project "CS486_Project2.vcxproj".
       Target "_ImpLib" skipped, due to false condition; ('$(ImpLibCompiled)' == 'true') was evaluated as ('' == 'true').
       Target "_Lib" skipped, due to false condition; ('$(LibCompiled)' == 'true') was evaluated as ('' == 'true').
     1>Target "AfterBuildCompileEvent" in file "C:\Program Files (x86)\MSBuild\Microsoft.Cpp\v4.0\Microsoft.CppBuild.targets" from project "C:\Users\steve\Documents\Visual Studio 2010\Projects\CS486_Project2\CS486_Project2\CS486_Project2.vcxproj" (target "BuildCompile" depends on it):
     1>Done building target "AfterBuildCompileEvent" in project "CS486_Project2.vcxproj".
     1>Target "BuildCompile" in file "C:\Windows\Microsoft.NET\Framework\v4.0.30319\Microsoft.Common.Targets" from project "C:\Users\steve\Documents\Visual Studio 2010\Projects\CS486_Project2\CS486_Project2\CS486_Project2.vcxproj" (target "Build" depends on it):
     1>Done building target "BuildCompile" in project "CS486_Project2.vcxproj".
       Target "AssignProjectConfiguration" skipped. Previously built successfully.
       Target "_SplitProjectReferencesByFileExistence" skipped. Previously built successfully.
     1>Target "BuildLinkTraverse" in file "C:\Windows\Microsoft.NET\Framework\v4.0.30319\Microsoft.Common.Targets" from project "C:\Users\steve\Documents\Visual Studio 2010\Projects\CS486_Project2\CS486_Project2\CS486_Project2.vcxproj" (target "BuildLink" depends on it):
       Task "MSBuild" skipped, due to false condition; ('$(BuildPassReferences)' == 'true' and '@(ProjectReferenceWithConfiguration)' != '' and '@(_MSBuildProjectReferenceExistent)' != ''  and '%(_MSBuildProjectReferenceExistent.BuildReference)' == 'true') was evaluated as ('' == 'true' and '' != '' and '' != ''  and '' == 'true').
     1>Done building target "BuildLinkTraverse" in project "CS486_Project2.vcxproj".
       Target "SetBuildDefaultEnvironmentVariables" skipped. Previously built successfully.
       Target "SetUserMacroEnvironmentVariables" skipped, due to false condition; ('@(BuildMacro)' != '') was evaluated as ('' != '').
       Target "PrepareForBuild" skipped. Previously built successfully.
       Target "ResolveReferences" skipped. Previously built successfully.
     1>Target "BeforeLink" in file "C:\Program Files (x86)\MSBuild\Microsoft.Cpp\v4.0\Microsoft.CppBuild.targets" from project "C:\Users\steve\Documents\Visual Studio 2010\Projects\CS486_Project2\CS486_Project2\CS486_Project2.vcxproj" (target "_Link" depends on it):
     1>Done building target "BeforeLink" in project "CS486_Project2.vcxproj".
     1>Target "ComputeRCOutputs" in file "C:\Program Files (x86)\MSBuild\Microsoft.Cpp\v4.0\Microsoft.CppBuild.targets" from project "C:\Users\steve\Documents\Visual Studio 2010\Projects\CS486_Project2\CS486_Project2\CS486_Project2.vcxproj" (target "ComputeRCGeneratedLinkInputs" depends on it):
     1>Done building target "ComputeRCOutputs" in project "CS486_Project2.vcxproj".
     1>Target "ComputeRCGeneratedLinkInputs" in file "C:\Program Files (x86)\MSBuild\Microsoft.Cpp\v4.0\Microsoft.CppBuild.targets" from project "C:\Users\steve\Documents\Visual Studio 2010\Projects\CS486_Project2\CS486_Project2\CS486_Project2.vcxproj" (target "_Link" depends on it):
     1>Done building target "ComputeRCGeneratedLinkInputs" in project "CS486_Project2.vcxproj".
     1>Target "ComputeManifestGeneratedLinkerInputs" in file "C:\Program Files (x86)\MSBuild\Microsoft.Cpp\v4.0\Microsoft.CppBuild.targets" from project "C:\Users\steve\Documents\Visual Studio 2010\Projects\CS486_Project2\CS486_Project2\CS486_Project2.vcxproj" (target "_Link" depends on it):
     1>Done building target "ComputeManifestGeneratedLinkerInputs" in project "CS486_Project2.vcxproj".
     1>Target "ComputeCustomBuildOutput" in file "C:\Program Files (x86)\MSBuild\Microsoft.Cpp\v4.0\Microsoft.CppBuild.targets" from project "C:\Users\steve\Documents\Visual Studio 2010\Projects\CS486_Project2\CS486_Project2\CS486_Project2.vcxproj" (target "_Link" depends on it):
       Task "MakeDir"
       Done executing task "MakeDir".
     1>Done building target "ComputeCustomBuildOutput" in project "CS486_Project2.vcxproj".
       Target "ComputeMIDLGeneratedCompileInputs" skipped. Previously built successfully.
       Target "ComputeCLInputPDBName" skipped. Previously built successfully.
       Target "ComputeReferenceCLInput" skipped. Previously built successfully.
     1>Target "ComputeCLOutputs" in file "C:\Program Files (x86)\MSBuild\Microsoft.Cpp\v4.0\Microsoft.CppBuild.targets" from project "C:\Users\steve\Documents\Visual Studio 2010\Projects\CS486_Project2\CS486_Project2\CS486_Project2.vcxproj" (target "ComputeCLGeneratedLinkInputs" depends on it):
     1>Done building target "ComputeCLOutputs" in project "CS486_Project2.vcxproj".
     1>Target "ComputeCLGeneratedLinkInputs" in file "C:\Program Files (x86)\MSBuild\Microsoft.Cpp\v4.0\Microsoft.CppBuild.targets" from project "C:\Users\steve\Documents\Visual Studio 2010\Projects\CS486_Project2\CS486_Project2\CS486_Project2.vcxproj" (target "_Link" depends on it):
     1>Done building target "ComputeCLGeneratedLinkInputs" in project "CS486_Project2.vcxproj".
     1>Target "ComputeLinkInputsFromProject" in file "C:\Program Files (x86)\MSBuild\Microsoft.Cpp\v4.0\Microsoft.CppBuild.targets" from project "C:\Users\steve\Documents\Visual Studio 2010\Projects\CS486_Project2\CS486_Project2\CS486_Project2.vcxproj" (target "_Link" depends on it):
     1>Done building target "ComputeLinkInputsFromProject" in project "CS486_Project2.vcxproj".
       Target "ComputeReferenceLinkInputs" skipped, due to false condition; (@(ProjectReference) != '') was evaluated as ( != '').
     1>Target "ComputeManifestInputsTargets" in file "C:\Program Files (x86)\MSBuild\Microsoft.Cpp\v4.0\Microsoft.CppBuild.targets" from project "C:\Users\steve\Documents\Visual Studio 2010\Projects\CS486_Project2\CS486_Project2\CS486_Project2.vcxproj" (target "_Link" depends on it):
     1>Done building target "ComputeManifestInputsTargets" in project "CS486_Project2.vcxproj".
     1>Target "ManifestResourceCompile" in file "C:\Program Files (x86)\MSBuild\Microsoft.Cpp\v4.0\Microsoft.CppCommon.targets" from project "C:\Users\steve\Documents\Visual Studio 2010\Projects\CS486_Project2\CS486_Project2\CS486_Project2.vcxproj" (target "_Link" depends on it):
       Task "WriteLinesToFile" skipped, due to false condition; (!EXISTS('$(InputManifest)')) was evaluated as (!EXISTS('x64\\Debug\\CS486_Project2.exe.embed.manifest')).
       Task "WriteLinesToFile" skipped, due to false condition; ('$(ConfigurationType)'=='Application' AND !EXISTS('@(ManifestResourceCompile)')) was evaluated as ('Application'=='Application' AND !EXISTS('x64\Debug\CS486_Project2_manifest.rc')).
       Task "WriteLinesToFile" skipped, due to false condition; ('$(ConfigurationType)'=='DynamicLibrary' AND !EXISTS('@(ManifestResourceCompile)')) was evaluated as ('Application'=='DynamicLibrary' AND !EXISTS('x64\Debug\CS486_Project2_manifest.rc')).
       Using "RC" task from assembly "Microsoft.Build.CppTasks.Common, Version=4.0.0.0, Culture=neutral, PublicKeyToken=b03f5f7f11d50a3a".
       Task "RC"
         Using cached output dependency table built from:
         	C:\Users\steve\Documents\Visual Studio 2010\Projects\CS486_Project2\CS486_Project2\x64\Debug\rc.write.1.tlog
         Using cached input dependency table built from:
         	C:\Users\steve\Documents\Visual Studio 2010\Projects\CS486_Project2\CS486_Project2\x64\Debug\rc.read.1.tlog
         Outputs for C:\USERS\STEVE\DOCUMENTS\VISUAL STUDIO 2010\PROJECTS\CS486_PROJECT2\CS486_PROJECT2\X64\DEBUG\CS486_PROJECT2_MANIFEST.RC:
         	C:\USERS\STEVE\DOCUMENTS\VISUAL STUDIO 2010\PROJECTS\CS486_PROJECT2\CS486_PROJECT2\X64\DEBUG\CS486_PROJECT2.EXE.EMBED.MANIFEST.RES
         All outputs are up-to-date.
       Done executing task "RC".
     1>Done building target "ManifestResourceCompile" in project "CS486_Project2.vcxproj".
       Target "AssignWinFXEmbeddedResource" skipped, due to false condition; ('@(WinFXEmbeddedResource)' != '') was evaluated as ('' != '').
     1>Target "AssignTargetPaths" in file "C:\Windows\Microsoft.NET\Framework\v4.0.30319\Microsoft.Common.Targets" from project "C:\Users\steve\Documents\Visual Studio 2010\Projects\CS486_Project2\CS486_Project2\CS486_Project2.vcxproj" (target "PrepareResourceNames" depends on it):
       Using "AssignTargetPath" task from assembly "Microsoft.Build.Tasks.v4.0, Version=4.0.0.0, Culture=neutral, PublicKeyToken=b03f5f7f11d50a3a".
       Task "AssignTargetPath"
       Done executing task "AssignTargetPath".
       Task "AssignTargetPath"
       Done executing task "AssignTargetPath".
       Task "AssignTargetPath"
       Done executing task "AssignTargetPath".
       Task "AssignTargetPath"
       Done executing task "AssignTargetPath".
       Task "AssignTargetPath" skipped, due to false condition; ('@(_DeploymentBaseManifestWithTargetPath)'=='' and '%(None.Extension)'=='.manifest') was evaluated as (''=='' and ''=='.manifest').
     1>Done building target "AssignTargetPaths" in project "CS486_Project2.vcxproj".
       Target "AssignTargetPaths" skipped. Previously built successfully.
     1>Target "SplitResourcesByCulture" in file "C:\Windows\Microsoft.NET\Framework\v4.0.30319\Microsoft.Common.Targets" from project "C:\Users\steve\Documents\Visual Studio 2010\Projects\CS486_Project2\CS486_Project2\CS486_Project2.vcxproj" (target "PrepareResourceNames" depends on it):
       Task "Warning" skipped, due to false condition; ('@(ResxWithNoCulture)'!='') was evaluated as (''!='').
       Task "Warning" skipped, due to false condition; ('@(ResxWithCulture)'!='') was evaluated as (''!='').
       Task "Warning" skipped, due to false condition; ('@(NonResxWithCulture)'!='') was evaluated as (''!='').
       Task "Warning" skipped, due to false condition; ('@(NonResxWithNoCulture)'!='') was evaluated as (''!='').
       Using "AssignCulture" task from assembly "Microsoft.Build.Tasks.v4.0, Version=4.0.0.0, Culture=neutral, PublicKeyToken=b03f5f7f11d50a3a".
       Task "AssignCulture"
       Done executing task "AssignCulture".
     1>Done building target "SplitResourcesByCulture" in project "CS486_Project2.vcxproj".
       Target "CreateManifestResourceNames" skipped, due to false condition; ('@(EmbeddedResource)' != '') was evaluated as ('' != '').
     1>Target "CreateCustomManifestResourceNames" in file "C:\Windows\Microsoft.NET\Framework\v4.0.30319\Microsoft.Common.Targets" from project "C:\Users\steve\Documents\Visual Studio 2010\Projects\CS486_Project2\CS486_Project2\CS486_Project2.vcxproj" (target "PrepareResourceNames" depends on it):
     1>Done building target "CreateCustomManifestResourceNames" in project "CS486_Project2.vcxproj".
     1>Target "PrepareResourceNames" in file "C:\Windows\Microsoft.NET\Framework\v4.0.30319\Microsoft.Common.Targets" from project "C:\Users\steve\Documents\Visual Studio 2010\Projects\CS486_Project2\CS486_Project2\CS486_Project2.vcxproj" (target "_Link" depends on it):
     1>Done building target "PrepareResourceNames" in project "CS486_Project2.vcxproj".
     1>Target "MakeDirsForLink" in file "C:\Program Files (x86)\MSBuild\Microsoft.Cpp\v4.0\Microsoft.CppBuild.targets" from project "C:\Users\steve\Documents\Visual Studio 2010\Projects\CS486_Project2\CS486_Project2\CS486_Project2.vcxproj" (target "_Link" depends on it):
       Task "MakeDir"
       Done executing task "MakeDir".
     1>Done building target "MakeDirsForLink" in project "CS486_Project2.vcxproj".
     1>Target "DoLinkOutputFilesMatch" in file "C:\Program Files (x86)\MSBuild\Microsoft.Cpp\v4.0\Microsoft.CppBuild.targets" from project "C:\Users\steve\Documents\Visual Studio 2010\Projects\CS486_Project2\CS486_Project2\CS486_Project2.vcxproj" (target "_Link" depends on it):
       Task "VCMessage" skipped, due to false condition; ('%(_OutputFileFromLink.FullPath)' != '$([System.IO.Path]::GetFullPath($(TargetPath)))') was evaluated as ('C:\Users\steve\Documents\Visual Studio 2010\Projects\CS486_Project2\x64\Debug\CS486_Project2.exe' != 'C:\Users\steve\Documents\Visual Studio 2010\Projects\CS486_Project2\x64\Debug\CS486_Project2.exe').
       Task "VCMessage" skipped, due to false condition; ('%(_OutputFileFromLink.Extension)' != '$(TargetExt)') was evaluated as ('.exe' != '.exe').
       Task "VCMessage" skipped, due to false condition; ('%(_OutputFileFromLink.Filename)' != '$(TargetName)') was evaluated as ('CS486_Project2' != 'CS486_Project2').
     1>Done building target "DoLinkOutputFilesMatch" in project "CS486_Project2.vcxproj".
     1>Target "PreLinkEvent" in file "C:\Program Files (x86)\MSBuild\Microsoft.Cpp\v4.0\Microsoft.CppCommon.targets" from project "C:\Users\steve\Documents\Visual Studio 2010\Projects\CS486_Project2\CS486_Project2\CS486_Project2.vcxproj" (target "_Link" depends on it):
       Task "Message" skipped, due to false condition; ('%(PreLinkEvent.Message)' != '' and '%(PreLinkEvent.Command)' != '') was evaluated as ('' != '' and '' != '').
       Task "Exec" skipped, due to false condition; ('%(PreLinkEvent.Command)' != '') was evaluated as ('' != '').
     1>Done building target "PreLinkEvent" in project "CS486_Project2.vcxproj".
       Target "SetVCMKLEnvironment" skipped, due to false condition; ('$(UseIntelMKL)' != 'No' AND '$(PlatformToolset)' == 'v100') was evaluated as ('No' != 'No' AND 'v100' == 'v100').
       Target "SetLinkLibMKLEnvironment" skipped, due to false condition; ('$(UseIntelMKL)' != 'No') was evaluated as ('No' != 'No').
     1>Target "Link" in file "C:\Program Files (x86)\MSBuild\Microsoft.Cpp\v4.0\Platforms\x64\Microsoft.Cpp.x64.Targets" from project "C:\Users\steve\Documents\Visual Studio 2010\Projects\CS486_Project2\CS486_Project2\CS486_Project2.vcxproj" (target "_Link" depends on it):
       Using "Link" task from assembly "Microsoft.Build.CppTasks.x64, Version=4.0.0.0, Culture=neutral, PublicKeyToken=b03f5f7f11d50a3a".
       Task "Link"
         Using cached output dependency table built from:
         	C:\Users\steve\Documents\Visual Studio 2010\Projects\CS486_Project2\CS486_Project2\x64\Debug\link.write.1.tlog
         	C:\Users\steve\Documents\Visual Studio 2010\Projects\CS486_Project2\CS486_Project2\x64\Debug\link.6640-cvtres.write.1.tlog
         	C:\Users\steve\Documents\Visual Studio 2010\Projects\CS486_Project2\CS486_Project2\x64\Debug\link.6640.write.1.tlog
         	C:\Users\steve\Documents\Visual Studio 2010\Projects\CS486_Project2\CS486_Project2\x64\Debug\link-cvtres.write.1.tlog
         	C:\Users\steve\Documents\Visual Studio 2010\Projects\CS486_Project2\CS486_Project2\x64\Debug\link.6640-cvtres.write.1.tlog
         	C:\Users\steve\Documents\Visual Studio 2010\Projects\CS486_Project2\CS486_Project2\x64\Debug\link-cvtres.write.1.tlog
         Using cached input dependency table built from:
         	C:\Users\steve\Documents\Visual Studio 2010\Projects\CS486_Project2\CS486_Project2\x64\Debug\link.read.1.tlog
         	C:\Users\steve\Documents\Visual Studio 2010\Projects\CS486_Project2\CS486_Project2\x64\Debug\link.6640-cvtres.read.1.tlog
         	C:\Users\steve\Documents\Visual Studio 2010\Projects\CS486_Project2\CS486_Project2\x64\Debug\link.6640.read.1.tlog
         	C:\Users\steve\Documents\Visual Studio 2010\Projects\CS486_Project2\CS486_Project2\x64\Debug\link-cvtres.read.1.tlog
         	C:\Users\steve\Documents\Visual Studio 2010\Projects\CS486_Project2\CS486_Project2\x64\Debug\link.6640-cvtres.read.1.tlog
         	C:\Users\steve\Documents\Visual Studio 2010\Projects\CS486_Project2\CS486_Project2\x64\Debug\link-cvtres.read.1.tlog
         Outputs for C:\USERS\STEVE\DOCUMENTS\VISUAL STUDIO 2010\PROJECTS\CS486_PROJECT2\CS486_PROJECT2\X64\DEBUG\CS486_PROJECT2.EXE.EMBED.MANIFEST.RES|C:\USERS\STEVE\DOCUMENTS\VISUAL STUDIO 2010\PROJECTS\CS486_PROJECT2\CS486_PROJECT2\X64\DEBUG\HASHTABLE.OBJ|C:\USERS\STEVE\DOCUMENTS\VISUAL STUDIO 2010\PROJECTS\CS486_PROJECT2\CS486_PROJECT2\X64\DEBUG\MAIN.OBJ:
         	C:\USERS\STEVE\DOCUMENTS\VISUAL STUDIO 2010\PROJECTS\CS486_PROJECT2\X64\DEBUG\CS486_PROJECT2.ILK
         	C:\USERS\STEVE\DOCUMENTS\VISUAL STUDIO 2010\PROJECTS\CS486_PROJECT2\X64\DEBUG\CS486_PROJECT2.EXE
         	C:\USERS\STEVE\DOCUMENTS\VISUAL STUDIO 2010\PROJECTS\CS486_PROJECT2\CS486_PROJECT2\X64\DEBUG\CS486_PROJECT2.EXE.INTERMEDIATE.MANIFEST
         	C:\USERS\STEVE\DOCUMENTS\VISUAL STUDIO 2010\PROJECTS\CS486_PROJECT2\X64\DEBUG\CS486_PROJECT2.PDB
         Inputs for C:\USERS\STEVE\DOCUMENTS\VISUAL STUDIO 2010\PROJECTS\CS486_PROJECT2\CS486_PROJECT2\X64\DEBUG\CS486_PROJECT2.EXE.EMBED.MANIFEST.RES|C:\USERS\STEVE\DOCUMENTS\VISUAL STUDIO 2010\PROJECTS\CS486_PROJECT2\CS486_PROJECT2\X64\DEBUG\HASHTABLE.OBJ|C:\USERS\STEVE\DOCUMENTS\VISUAL STUDIO 2010\PROJECTS\CS486_PROJECT2\CS486_PROJECT2\X64\DEBUG\MAIN.OBJ:
         	C:\PROGRAM FILES\MICROSOFT MPI\LIB\AMD64\MSMPI.LIB
         	C:\PROGRAM FILES\MICROSOFT MPI\LIB\AMD64\MSMPIFEC.LIB
         	C:\PROGRAM FILES\MICROSOFT MPI\LIB\AMD64\MSMPIFMC.LIB
         	C:\PROGRAM FILES (X86)\MICROSOFT SDKS\WINDOWS\V7.0A\LIB\X64\KERNEL32.LIB
         	C:\PROGRAM FILES (X86)\MICROSOFT SDKS\WINDOWS\V7.0A\LIB\X64\USER32.LIB
         	C:\PROGRAM FILES (X86)\MICROSOFT SDKS\WINDOWS\V7.0A\LIB\X64\GDI32.LIB
         	C:\PROGRAM FILES (X86)\MICROSOFT SDKS\WINDOWS\V7.0A\LIB\X64\WINSPOOL.LIB
         	C:\PROGRAM FILES (X86)\MICROSOFT SDKS\WINDOWS\V7.0A\LIB\X64\COMDLG32.LIB
         	C:\PROGRAM FILES (X86)\MICROSOFT SDKS\WINDOWS\V7.0A\LIB\X64\ADVAPI32.LIB
         	C:\PROGRAM FILES (X86)\MICROSOFT SDKS\WINDOWS\V7.0A\LIB\X64\SHELL32.LIB
         	C:\PROGRAM FILES (X86)\MICROSOFT SDKS\WINDOWS\V7.0A\LIB\X64\OLE32.LIB
         	C:\PROGRAM FILES (X86)\MICROSOFT SDKS\WINDOWS\V7.0A\LIB\X64\OLEAUT32.LIB
         	C:\PROGRAM FILES (X86)\MICROSOFT SDKS\WINDOWS\V7.0A\LIB\X64\UUID.LIB
         	C:\PROGRAM FILES (X86)\MICROSOFT SDKS\WINDOWS\V7.0A\LIB\X64\ODBC32.LIB
         	C:\PROGRAM FILES (X86)\MICROSOFT SDKS\WINDOWS\V7.0A\LIB\X64\ODBCCP32.LIB
         	C:\USERS\STEVE\DOCUMENTS\VISUAL STUDIO 2010\PROJECTS\CS486_PROJECT2\CS486_PROJECT2\X64\DEBUG\CS486_PROJECT2.EXE.EMBED.MANIFEST.RES
         	C:\USERS\STEVE\DOCUMENTS\VISUAL STUDIO 2010\PROJECTS\CS486_PROJECT2\CS486_PROJECT2\X64\DEBUG\HASHTABLE.OBJ
         	C:\USERS\STEVE\DOCUMENTS\VISUAL STUDIO 2010\PROJECTS\CS486_PROJECT2\CS486_PROJECT2\X64\DEBUG\MAIN.OBJ
         	C:\WINDOWS\SYSTEM32\TZRES.DLL
         	C:\WINDOWS\GLOBALIZATION\SORTING\SORTDEFAULT.NLS
         	C:\PROGRAM FILES (X86)\MICROSOFT VISUAL STUDIO 10.0\VC\LIB\AMD64\MSVCRTD.LIB
         	C:\PROGRAM FILES (X86)\MICROSOFT VISUAL STUDIO 10.0\VC\LIB\AMD64\OLDNAMES.LIB
         Source compilation required: input C:\USERS\STEVE\DOCUMENTS\VISUAL STUDIO 2010\PROJECTS\CS486_PROJECT2\CS486_PROJECT2\X64\DEBUG\MAIN.OBJ is newer than output C:\USERS\STEVE\DOCUMENTS\VISUAL STUDIO 2010\PROJECTS\CS486_PROJECT2\CS486_PROJECT2\X64\DEBUG\CS486_PROJECT2.EXE.INTERMEDIATE.MANIFEST.
         Environment Variables passed to tool:
           VS_UNICODE_OUTPUT=1528
         C:\Program Files (x86)\Microsoft Visual Studio 10.0\VC\bin\x86_amd64\link.exe /ERRORREPORT:PROMPT /OUT:"C:\Users\steve\Documents\Visual Studio 2010\Projects\CS486_Project2\x64\Debug\CS486_Project2.exe" /INCREMENTAL /NOLOGO /LIBPATH:"C:\Program Files\Microsoft MPI\Lib\amd64\\" msmpi.lib msmpifec.lib msmpifmc.lib kernel32.lib user32.lib gdi32.lib winspool.lib comdlg32.lib advapi32.lib shell32.lib ole32.lib oleaut32.lib uuid.lib odbc32.lib odbccp32.lib /MANIFEST /ManifestFile:"x64\Debug\CS486_Project2.exe.intermediate.manifest" /MANIFESTUAC:"level='asInvoker' uiAccess='false'" /DEBUG /PDB:"C:\Users\steve\Documents\Visual Studio 2010\Projects\CS486_Project2\x64\Debug\CS486_Project2.pdb" /SUBSYSTEM:CONSOLE /TLBID:1 /DYNAMICBASE /NXCOMPAT /IMPLIB:"C:\Users\steve\Documents\Visual Studio 2010\Projects\CS486_Project2\x64\Debug\CS486_Project2.lib" /MACHINE:X64 x64\Debug\CS486_Project2.exe.embed.manifest.res
         x64\Debug\hashtable.obj
         x64\Debug\main.obj
         Tracking command:
         C:\Program Files (x86)\Microsoft SDKs\Windows\v8.0A\bin\NETFX 4.0 Tools\Tracker.exe /a /d C:\Windows\Microsoft.NET\Framework\v4.0.30319\FileTracker.dll /i "C:\Users\steve\Documents\Visual Studio 2010\Projects\CS486_Project2\CS486_Project2\x64\Debug" /r "C:\USERS\STEVE\DOCUMENTS\VISUAL STUDIO 2010\PROJECTS\CS486_PROJECT2\CS486_PROJECT2\X64\DEBUG\CS486_PROJECT2.EXE.EMBED.MANIFEST.RES|C:\USERS\STEVE\DOCUMENTS\VISUAL STUDIO 2010\PROJECTS\CS486_PROJECT2\CS486_PROJECT2\X64\DEBUG\HASHTABLE.OBJ|C:\USERS\STEVE\DOCUMENTS\VISUAL STUDIO 2010\PROJECTS\CS486_PROJECT2\CS486_PROJECT2\X64\DEBUG\MAIN.OBJ" /b MSBuildConsole_CancelEvent2e763aa0e2bf46689ca6abd433591bab  /c "C:\Program Files (x86)\Microsoft Visual Studio 10.0\VC\bin\x86_amd64\link.exe"  /ERRORREPORT:PROMPT /OUT:"C:\Users\steve\Documents\Visual Studio 2010\Projects\CS486_Project2\x64\Debug\CS486_Project2.exe" /INCREMENTAL /NOLOGO /LIBPATH:"C:\Program Files\Microsoft MPI\Lib\amd64\\" msmpi.lib msmpifec.lib msmpifmc.lib kernel32.lib user32.lib gdi32.lib winspool.lib comdlg32.lib advapi32.lib shell32.lib ole32.lib oleaut32.lib uuid.lib odbc32.lib odbccp32.lib /MANIFEST /ManifestFile:"x64\Debug\CS486_Project2.exe.intermediate.manifest" /MANIFESTUAC:"level='asInvoker' uiAccess='false'" /DEBUG /PDB:"C:\Users\steve\Documents\Visual Studio 2010\Projects\CS486_Project2\x64\Debug\CS486_Project2.pdb" /SUBSYSTEM:CONSOLE /TLBID:1 /DYNAMICBASE /NXCOMPAT /IMPLIB:"C:\Users\steve\Documents\Visual Studio 2010\Projects\CS486_Project2\x64\Debug\CS486_Project2.lib" /MACHINE:X64 x64\Debug\CS486_Project2.exe.embed.manifest.res
         x64\Debug\hashtable.obj
         x64\Debug\main.obj
       Done executing task "Link".
       Task "Message"
         CS486_Project2.vcxproj -> C:\Users\steve\Documents\Visual Studio 2010\Projects\CS486_Project2\x64\Debug\CS486_Project2.exe
       Done executing task "Message".
     1>Done building target "Link" in project "CS486_Project2.vcxproj".
     1>Target "_DetermineManagedStateForLink" in file "C:\Program Files (x86)\MSBuild\Microsoft.Cpp\v4.0\Microsoft.CppBuild.targets" from project "C:\Users\steve\Documents\Visual Studio 2010\Projects\CS486_Project2\CS486_Project2\CS486_Project2.vcxproj" (target "_Link" depends on it):
     1>Done building target "_DetermineManagedStateForLink" in project "CS486_Project2.vcxproj".
       Target "MetaGenInputsOutputs" skipped, due to false condition; ('$(EnableManagedIncrementalBuild)' == 'True') was evaluated as ('false' == 'True').
       Target "ComputeMetaGenInputs" skipped, due to false condition; ('$(CLRSupport)'!='' and '$(CLRSupport)'!='false') was evaluated as ('false'!='' and 'false'!='false').
       Target "MetaGen" skipped, due to false condition; ('@(MetaGen)' != '') was evaluated as ('' != '').
     1>Target "ComputeLinkImportLibraryOutputsForClean" in file "C:\Program Files (x86)\MSBuild\Microsoft.Cpp\v4.0\Microsoft.CppBuild.targets" from project "C:\Users\steve\Documents\Visual Studio 2010\Projects\CS486_Project2\CS486_Project2\CS486_Project2.vcxproj" (target "_Link" depends on it):
       Task "WriteLinesToFile" skipped, due to false condition; ('@(_LinkImportLibrary)' != '') was evaluated as ('' != '').
     1>Done building target "ComputeLinkImportLibraryOutputsForClean" in project "CS486_Project2.vcxproj".
     1>Target "AfterLink" in file "C:\Program Files (x86)\MSBuild\Microsoft.Cpp\v4.0\Microsoft.CppBuild.targets" from project "C:\Users\steve\Documents\Visual Studio 2010\Projects\CS486_Project2\CS486_Project2\CS486_Project2.vcxproj" (target "_Link" depends on it):
     1>Done building target "AfterLink" in project "CS486_Project2.vcxproj".
     1>Target "_Link" in file "C:\Program Files (x86)\MSBuild\Microsoft.Cpp\v4.0\Microsoft.CppBuild.targets" from project "C:\Users\steve\Documents\Visual Studio 2010\Projects\CS486_Project2\CS486_Project2\CS486_Project2.vcxproj" (target "BuildLink" depends on it):
     1>Done building target "_Link" in project "CS486_Project2.vcxproj".
     1>Target "_ALink" in file "C:\Program Files (x86)\MSBuild\Microsoft.Cpp\v4.0\Microsoft.CppBuild.targets" from project "C:\Users\steve\Documents\Visual Studio 2010\Projects\CS486_Project2\CS486_Project2\CS486_Project2.vcxproj" (target "BuildLink" depends on it):
     1>Done building target "_ALink" in project "CS486_Project2.vcxproj".
       Target "ComputeManifestInputsTargets" skipped. Previously built successfully.
     1>Target "MakeDirsForManifest" in file "C:\Program Files (x86)\MSBuild\Microsoft.Cpp\v4.0\Microsoft.CppCommon.targets" from project "C:\Users\steve\Documents\Visual Studio 2010\Projects\CS486_Project2\CS486_Project2\CS486_Project2.vcxproj" (target "Manifest" depends on it):
       Task "MakeDir"
       Done executing task "MakeDir".
     1>Done building target "MakeDirsForManifest" in project "CS486_Project2.vcxproj".
     1>Target "Manifest" in file "C:\Program Files (x86)\MSBuild\Microsoft.Cpp\v4.0\Microsoft.CppCommon.targets" from project "C:\Users\steve\Documents\Visual Studio 2010\Projects\CS486_Project2\CS486_Project2\CS486_Project2.vcxproj" (target "_Manifest" depends on it):
       Task "Delete" skipped, due to false condition; (('$(BuildType)' != 'Build' or '$(ForceRebuild)' == 'true') and '$(EmbedManifestby)'=='LINK') was evaluated as (('Build' != 'Build' or '' == 'true') and 'LINK'=='LINK').
       Using "Mt" task from assembly "Microsoft.Build.CppTasks.Common, Version=4.0.0.0, Culture=neutral, PublicKeyToken=b03f5f7f11d50a3a".
       Task "Mt"
         c:\Program Files (x86)\Microsoft SDKs\Windows\v7.0A\bin\mt.exe /nologo /verbose /out:"x64\Debug\CS486_Project2.exe.embed.manifest" /manifest x64\Debug\CS486_Project2.exe.intermediate.manifest
         Tracking command:
         C:\Program Files (x86)\Microsoft SDKs\Windows\v8.0A\bin\NETFX 4.0 Tools\Tracker.exe /d C:\Windows\Microsoft.NET\Framework\v4.0.30319\FileTracker.dll /i "C:\Users\steve\Documents\Visual Studio 2010\Projects\CS486_Project2\CS486_Project2\x64\Debug" /r "C:\USERS\STEVE\DOCUMENTS\VISUAL STUDIO 2010\PROJECTS\CS486_PROJECT2\CS486_PROJECT2\X64\DEBUG\CS486_PROJECT2.EXE.INTERMEDIATE.MANIFEST" /b MSBuildConsole_CancelEventf6dee970d60341458e1da5a8cf0946d5  /c "c:\Program Files (x86)\Microsoft SDKs\Windows\v7.0A\bin\mt.exe"  /nologo /verbose /out:"x64\Debug\CS486_Project2.exe.embed.manifest" /manifest x64\Debug\CS486_Project2.exe.intermediate.manifest
       Done executing task "Mt".
       Task "RC"
         Using cached output dependency table built from:
         	C:\Users\steve\Documents\Visual Studio 2010\Projects\CS486_Project2\CS486_Project2\x64\Debug\rc.write.1.tlog
         Using cached input dependency table built from:
         	C:\Users\steve\Documents\Visual Studio 2010\Projects\CS486_Project2\CS486_Project2\x64\Debug\rc.read.1.tlog
         Outputs for C:\USERS\STEVE\DOCUMENTS\VISUAL STUDIO 2010\PROJECTS\CS486_PROJECT2\CS486_PROJECT2\X64\DEBUG\CS486_PROJECT2_MANIFEST.RC:
         	C:\USERS\STEVE\DOCUMENTS\VISUAL STUDIO 2010\PROJECTS\CS486_PROJECT2\CS486_PROJECT2\X64\DEBUG\CS486_PROJECT2.EXE.EMBED.MANIFEST.RES
         All outputs are up-to-date.
       Done executing task "RC".
     1>Done building target "Manifest" in project "CS486_Project2.vcxproj".
       Target "ComputeManifestGeneratedLinkerInputs" skipped. Previously built successfully.
     1>Target "LinkEmbedManifest" in file "C:\Program Files (x86)\MSBuild\Microsoft.Cpp\v4.0\Platforms\x64\Microsoft.Cpp.x64.Targets" from project "C:\Users\steve\Documents\Visual Studio 2010\Projects\CS486_Project2\CS486_Project2\CS486_Project2.vcxproj" (target "_Manifest" depends on it):
       Task "Link"
         Write Tracking Logs:
         	x64\Debug\link.write.1.tlog
         	x64\Debug\link.6640-cvtres.write.1.tlog
         	x64\Debug\link.6640.write.1.tlog
         	x64\Debug\link-cvtres.write.1.tlog
         	x64\Debug\link.6640-cvtres.write.1.tlog
         	x64\Debug\link-cvtres.write.1.tlog
         Read Tracking Logs:
         	x64\Debug\link.read.1.tlog
         	x64\Debug\link.6640-cvtres.read.1.tlog
         	x64\Debug\link.6640.read.1.tlog
         	x64\Debug\link-cvtres.read.1.tlog
         	x64\Debug\link.6640-cvtres.read.1.tlog
         	x64\Debug\link-cvtres.read.1.tlog
         Outputs for C:\USERS\STEVE\DOCUMENTS\VISUAL STUDIO 2010\PROJECTS\CS486_PROJECT2\CS486_PROJECT2\X64\DEBUG\CS486_PROJECT2.EXE.EMBED.MANIFEST.RES|C:\USERS\STEVE\DOCUMENTS\VISUAL STUDIO 2010\PROJECTS\CS486_PROJECT2\CS486_PROJECT2\X64\DEBUG\HASHTABLE.OBJ|C:\USERS\STEVE\DOCUMENTS\VISUAL STUDIO 2010\PROJECTS\CS486_PROJECT2\CS486_PROJECT2\X64\DEBUG\MAIN.OBJ:
         	C:\USERS\STEVE\DOCUMENTS\VISUAL STUDIO 2010\PROJECTS\CS486_PROJECT2\X64\DEBUG\CS486_PROJECT2.ILK
         	C:\USERS\STEVE\DOCUMENTS\VISUAL STUDIO 2010\PROJECTS\CS486_PROJECT2\X64\DEBUG\CS486_PROJECT2.EXE
         	C:\USERS\STEVE\DOCUMENTS\VISUAL STUDIO 2010\PROJECTS\CS486_PROJECT2\CS486_PROJECT2\X64\DEBUG\CS486_PROJECT2.EXE.INTERMEDIATE.MANIFEST
         	C:\USERS\STEVE\DOCUMENTS\VISUAL STUDIO 2010\PROJECTS\CS486_PROJECT2\X64\DEBUG\CS486_PROJECT2.PDB
         All outputs are up-to-date.
       Done executing task "Link".
       Task "Message"
         CS486_Project2.vcxproj -> C:\Users\steve\Documents\Visual Studio 2010\Projects\CS486_Project2\x64\Debug\CS486_Project2.exe
       Done executing task "Message".
     1>Done building target "LinkEmbedManifest" in project "CS486_Project2.vcxproj".
     1>Target "_Manifest" in file "C:\Program Files (x86)\MSBuild\Microsoft.Cpp\v4.0\Microsoft.CppBuild.targets" from project "C:\Users\steve\Documents\Visual Studio 2010\Projects\CS486_Project2\CS486_Project2\CS486_Project2.vcxproj" (target "BuildLink" depends on it):
     1>Done building target "_Manifest" in project "CS486_Project2.vcxproj".
     1>Target "RegisterOutput" in file "C:\Program Files (x86)\MSBuild\Microsoft.Cpp\v4.0\Microsoft.CppCommon.targets" from project "C:\Users\steve\Documents\Visual Studio 2010\Projects\CS486_Project2\CS486_Project2\CS486_Project2.vcxproj" (target "BuildLink" depends on it):
       Task "Exec" skipped, due to false condition; ('$(ConfigurationType)'=='DynamicLibrary' and '%(Link.RegisterOutput)'=='true' and '%(Link.PerUserRedirection)'!='true') was evaluated as ('Application'=='DynamicLibrary' and 'false'=='true' and 'false'!='true').
       Task "Exec" skipped, due to false condition; ('$(ConfigurationType)'=='DynamicLibrary' and '%(Link.RegisterOutput)'=='true' and '%(Link.PerUserRedirection)'=='true') was evaluated as ('Application'=='DynamicLibrary' and 'false'=='true' and 'false'=='true').
       Task "Exec" skipped, due to false condition; ('$(ConfigurationType)'=='Application' and '%(Link.RegisterOutput)'=='true' and '%(Link.PerUserRedirection)'!='true') was evaluated as ('Application'=='Application' and 'false'=='true' and 'false'!='true').
       Task "Exec" skipped, due to false condition; ('$(ConfigurationType)'=='Application' and '%(Link.RegisterOutput)'=='true' and '%(Link.PerUserRedirection)'=='true') was evaluated as ('Application'=='Application' and 'false'=='true' and 'false'=='true').
       Task "VCMessage" skipped, due to false condition; ('$(_RegisterOutputExitCode)' != '' and '$(_RegisterOutputExitCode)' != '0') was evaluated as ('' != '' and '' != '0').
     1>Done building target "RegisterOutput" in project "CS486_Project2.vcxproj".
     1>Target "ComputeCLCompileGeneratedXDCFiles" in file "C:\Program Files (x86)\MSBuild\Microsoft.Cpp\v4.0\Microsoft.CppBuild.targets" from project "C:\Users\steve\Documents\Visual Studio 2010\Projects\CS486_Project2\CS486_Project2\CS486_Project2.vcxproj" (target "_XdcMake" depends on it):
     1>Done building target "ComputeCLCompileGeneratedXDCFiles" in project "CS486_Project2.vcxproj".
       Target "SetBuildDefaultEnvironmentVariables" skipped. Previously built successfully.
       Target "SetUserMacroEnvironmentVariables" skipped, due to false condition; ('@(BuildMacro)' != '') was evaluated as ('' != '').
       Target "PrepareForBuild" skipped. Previously built successfully.
       Target "ResolveReferences" skipped. Previously built successfully.
     1>Target "ResolvedXDCMake" in file "C:\Program Files (x86)\MSBuild\Microsoft.Cpp\v4.0\Microsoft.CppBuild.targets" from project "C:\Users\steve\Documents\Visual Studio 2010\Projects\CS486_Project2\CS486_Project2\CS486_Project2.vcxproj" (target "_XdcMake" depends on it):
       Task "MSBuild" skipped, due to false condition; ('%(_MSBuildProjectReferenceExistent.Extension)' == '.vcxproj' and '@(ProjectReferenceWithConfiguration)' != '' and '@(_MSBuildProjectReferenceExistent)' != '' and '$(_ClCompileGenerateXMLDocumentationFiles)' == 'true') was evaluated as ('' == '.vcxproj' and '' != '' and '' != '' and '' == 'true').
     1>Done building target "ResolvedXDCMake" in project "CS486_Project2.vcxproj".
     1>Target "MakeDirsForXdcMake" in file "C:\Program Files (x86)\MSBuild\Microsoft.Cpp\v4.0\Microsoft.CppBuild.targets" from project "C:\Users\steve\Documents\Visual Studio 2010\Projects\CS486_Project2\CS486_Project2\CS486_Project2.vcxproj" (target "_XdcMake" depends on it):
       Task "MakeDir"
       Done executing task "MakeDir".
     1>Done building target "MakeDirsForXdcMake" in project "CS486_Project2.vcxproj".
       Target "XdcMake" skipped, due to false condition; ('@(XdcMake)' != '') was evaluated as ('' != '').
     1>Target "_XdcMake" in file "C:\Program Files (x86)\MSBuild\Microsoft.Cpp\v4.0\Microsoft.CppBuild.targets" from project "C:\Users\steve\Documents\Visual Studio 2010\Projects\CS486_Project2\CS486_Project2\CS486_Project2.vcxproj" (target "BuildLink" depends on it):
     1>Done building target "_XdcMake" in project "CS486_Project2.vcxproj".
     1>Target "ComputeCLCompileGeneratedSbrFiles" in file "C:\Program Files (x86)\MSBuild\Microsoft.Cpp\v4.0\Microsoft.CppBuild.targets" from project "C:\Users\steve\Documents\Visual Studio 2010\Projects\CS486_Project2\CS486_Project2\CS486_Project2.vcxproj" (target "_BscMake" depends on it):
     1>Done building target "ComputeCLCompileGeneratedSbrFiles" in project "CS486_Project2.vcxproj".
     1>Target "MakeDirsForBscMake" in file "C:\Program Files (x86)\MSBuild\Microsoft.Cpp\v4.0\Microsoft.CppBuild.targets" from project "C:\Users\steve\Documents\Visual Studio 2010\Projects\CS486_Project2\CS486_Project2\CS486_Project2.vcxproj" (target "_BscMake" depends on it):
       Task "MakeDir"
       Done executing task "MakeDir".
     1>Done building target "MakeDirsForBscMake" in project "CS486_Project2.vcxproj".
       Target "BscMake" skipped, due to false condition; ('@(BscMake)' != '') was evaluated as ('' != '').
       Target "CustomBuildStep" skipped, due to false condition; ('@(CustomBuildStep)' != '' and '$(SelectedFiles)'=='') was evaluated as ('' != '' and ''=='').
     1>Target "_BscMake" in file "C:\Program Files (x86)\MSBuild\Microsoft.Cpp\v4.0\Microsoft.CppBuild.targets" from project "C:\Users\steve\Documents\Visual Studio 2010\Projects\CS486_Project2\CS486_Project2\CS486_Project2.vcxproj" (target "BuildLink" depends on it):
     1>Done building target "_BscMake" in project "CS486_Project2.vcxproj".
       Target "RunCodeAnalysis" skipped, due to false condition; ('$(RunCodeAnalysis)'=='true' or '$(RunCodeAnalysisOnce)'=='true') was evaluated as (''=='true' or ''=='true').
     1>Target "_GenerateSatelliteAssemblyInputs" in file "C:\Windows\Microsoft.NET\Framework\v4.0.30319\Microsoft.Common.Targets" from project "C:\Users\steve\Documents\Visual Studio 2010\Projects\CS486_Project2\CS486_Project2\CS486_Project2.vcxproj" (target "CreateSatelliteAssemblies" depends on it):
       Task "Warning" skipped, due to false condition; ('@(ManifestResourceWithCulture)'!='' and '%(ManifestResourceWithCulture.EmittedForCompatibilityOnly)'=='') was evaluated as (''!='' and ''=='').
       Task "Warning" skipped, due to false condition; ('@(ManifestNonResxWithCultureOnDisk)'!='' and '%(ManifestNonResxWithCultureOnDisk.EmittedForCompatibilityOnly)'=='') was evaluated as (''!='' and ''=='').
     1>Done building target "_GenerateSatelliteAssemblyInputs" in project "CS486_Project2.vcxproj".
       Target "ComputeIntermediateSatelliteAssemblies" skipped, due to false condition; (@(ReferenceSatellitePaths->'%(DestinationSubDirectory)') != '') was evaluated as ( != '').
       Target "GenerateSatelliteAssemblies" skipped, due to false condition; ('@(_SatelliteAssemblyResourceInputs)' != '') was evaluated as ('' != '').
     1>Target "CreateSatelliteAssemblies" in file "C:\Windows\Microsoft.NET\Framework\v4.0.30319\Microsoft.Common.Targets" from project "C:\Users\steve\Documents\Visual Studio 2010\Projects\CS486_Project2\CS486_Project2\CS486_Project2.vcxproj" (target "BuildLink" depends on it):
     1>Done building target "CreateSatelliteAssemblies" in project "CS486_Project2.vcxproj".
     1>Target "_Appverifier" in file "C:\Program Files (x86)\MSBuild\Microsoft.Cpp\v4.0\Microsoft.CppBuild.targets" from project "C:\Users\steve\Documents\Visual Studio 2010\Projects\CS486_Project2\CS486_Project2\CS486_Project2.vcxproj" (target "BuildLink" depends on it):
     1>Done building target "_Appverifier" in project "CS486_Project2.vcxproj".
     1>Target "_Deploy" in file "C:\Program Files (x86)\MSBuild\Microsoft.Cpp\v4.0\Microsoft.CppBuild.targets" from project "C:\Users\steve\Documents\Visual Studio 2010\Projects\CS486_Project2\CS486_Project2\CS486_Project2.vcxproj" (target "BuildLink" depends on it):
     1>Done building target "_Deploy" in project "CS486_Project2.vcxproj".
       Target "ComputeIntermediateSatelliteAssemblies" skipped, due to false condition; (@(ReferenceSatellitePaths->'%(DestinationSubDirectory)') != '') was evaluated as ( != '').
       Target "_CopyFilesMarkedCopyLocal" skipped, due to false condition; ('@(ReferenceCopyLocalPaths)' != '') was evaluated as ('' != '').
       Target "AssignTargetPaths" skipped. Previously built successfully.
       Target "_SplitProjectReferencesByFileExistence" skipped. Previously built successfully.
     1>Target "GetCopyToOutputDirectoryXamlAppDefs" in file "C:\Windows\Microsoft.NET\Framework\v4.0.30319\Microsoft.Xaml.targets" from project "C:\Users\steve\Documents\Visual Studio 2010\Projects\CS486_Project2\CS486_Project2\CS486_Project2.vcxproj" (target "GetCopyToOutputDirectoryItems" depends on it):
       Task "AssignTargetPath"
       Done executing task "AssignTargetPath".
     1>Done building target "GetCopyToOutputDirectoryXamlAppDefs" in project "CS486_Project2.vcxproj".
     1>Target "GetCopyToOutputDirectoryItems" in file "C:\Windows\Microsoft.NET\Framework\v4.0.30319\Microsoft.Common.Targets" from project "C:\Users\steve\Documents\Visual Studio 2010\Projects\CS486_Project2\CS486_Project2\CS486_Project2.vcxproj" (target "_CopySourceItemsToOutputDirectory" depends on it):
       Task "MSBuild" skipped, due to false condition; ('@(_MSBuildProjectReferenceExistent)' != '' and '$(_GetChildProjectCopyToOutputDirectoryItems)' == 'true' and '%(_MSBuildProjectReferenceExistent.Private)' != 'false' and '$(UseCommonOutputDirectory)' != 'true') was evaluated as ('' != '' and 'true' == 'true' and '' != 'false' and 'false' != 'true').
       Task "AssignTargetPath"
       Done executing task "AssignTargetPath".
     1>Done building target "GetCopyToOutputDirectoryItems" in project "CS486_Project2.vcxproj".
       Target "_CopyOutOfDateSourceItemsToOutputDirectory" skipped, due to false condition; ( '@(_SourceItemsToCopyToOutputDirectory)' != '' ) was evaluated as ( '' != '' ).
       Target "_CopyOutOfDateSourceItemsToOutputDirectoryAlways" skipped, due to false condition; ( '@(_SourceItemsToCopyToOutputDirectoryAlways)' != '' ) was evaluated as ( '' != '' ).
     1>Target "_CopySourceItemsToOutputDirectory" in file "C:\Windows\Microsoft.NET\Framework\v4.0.30319\Microsoft.Common.Targets" from project "C:\Users\steve\Documents\Visual Studio 2010\Projects\CS486_Project2\CS486_Project2\CS486_Project2.vcxproj" (target "CopyFilesToOutputDirectory" depends on it):
     1>Done building target "_CopySourceItemsToOutputDirectory" in project "CS486_Project2.vcxproj".
       Target "_CopyAppConfigFile" skipped, due to false condition; ( '@(AppConfigWithTargetPath)' != '' ) was evaluated as ( '' != '' ).
       Target "_CopyManifestFiles" skipped, due to false condition; ( '$(_DeploymentCopyApplicationManifest)'=='true' or '$(GenerateClickOnceManifests)'=='true' ) was evaluated as ( ''=='true' or ''=='true' ).
     1>Target "_CheckForCompileOutputs" in file "C:\Windows\Microsoft.NET\Framework\v4.0.30319\Microsoft.Common.Targets" from project "C:\Users\steve\Documents\Visual Studio 2010\Projects\CS486_Project2\CS486_Project2\CS486_Project2.vcxproj" (target "CopyFilesToOutputDirectory" depends on it):
     1>Done building target "_CheckForCompileOutputs" in project "CS486_Project2.vcxproj".
       Target "_SGenCheckForOutputs" skipped, due to false condition; ('$(_SGenGenerateSerializationAssembliesConfig)' == 'On' or ('@(WebReferenceUrl)'!='' and '$(_SGenGenerateSerializationAssembliesConfig)' == 'Auto')) was evaluated as ('Off' == 'On' or (''!='' and 'Off' == 'Auto')).
     1>Target "CopyFilesToOutputDirectory" in file "C:\Windows\Microsoft.NET\Framework\v4.0.30319\Microsoft.Common.Targets" from project "C:\Users\steve\Documents\Visual Studio 2010\Projects\CS486_Project2\CS486_Project2\CS486_Project2.vcxproj" (target "BuildLink" depends on it):
       Task "Copy" skipped, due to false condition; ('$(CopyBuildOutputToOutputDirectory)' == 'true' and '$(SkipCopyBuildProduct)' != 'true') was evaluated as ('true' == 'true' and 'true' != 'true').
       Task "Message" skipped, due to false condition; ('$(CopyBuildOutputToOutputDirectory)' == 'true' and '$(SkipCopyBuildProduct)'!='true') was evaluated as ('true' == 'true' and 'true'!='true').
       Task "Copy" skipped, due to false condition; ('@(AddModules)' != '') was evaluated as ('' != '').
       Task "Copy" skipped, due to false condition; ('$(_SGenDllCreated)'=='true') was evaluated as ('false'=='true').
       Task "Copy" skipped, due to false condition; ('$(_DebugSymbolsProduced)'=='true' and '$(SkipCopyingSymbolsToOutputDirectory)' != 'true' and '$(CopyOutputSymbolsToOutputDirectory)'=='true') was evaluated as ('false'=='true' and '' != 'true' and 'true'=='true').
       Task "Copy" skipped, due to false condition; ('$(_DocumentationFileProduced)'=='true') was evaluated as ('false'=='true').
       Task "Copy" skipped, due to false condition; ('@(IntermediateSatelliteAssembliesWithTargetPath)' != '') was evaluated as ('' != '').
       Task "Copy" skipped, due to false condition; ('@(ReferenceComWrappersToCopyLocal)' != '' or '@(ResolvedIsolatedComModules)' != '' or '@(_DeploymentLooseManifestFile)' != '' or '@(NativeReferenceFile)' != '' ) was evaluated as ('' != '' or '' != '' or '' != '' or '' != '' ).
       Task "Copy" skipped, due to false condition; ('$(SkipCopyWinMDArtifact)' != 'true' and '@(WinMDExpArtifacts)' != '') was evaluated as ('' != 'true' and '' != '').
       Task "Message" skipped, due to false condition; ('$(SkipCopyWinMDArtifact)' != 'true' and '$(_WindowsMetadataOutputPath)' != '') was evaluated as ('' != 'true' and '' != '').
     1>Done building target "CopyFilesToOutputDirectory" in project "CS486_Project2.vcxproj".
       Target "CustomBuildStep" skipped, due to false condition; ('@(CustomBuildStep)' != '' and '$(SelectedFiles)'=='') was evaluated as ('' != '' and ''=='').
     1>Target "PostBuildEvent" in file "C:\Program Files (x86)\MSBuild\Microsoft.Cpp\v4.0\Microsoft.CppCommon.targets" from project "C:\Users\steve\Documents\Visual Studio 2010\Projects\CS486_Project2\CS486_Project2\CS486_Project2.vcxproj" (target "BuildLink" depends on it):
       Task "Message" skipped, due to false condition; ('%(PostBuildEvent.Message)' != '' and '%(PostBuildEvent.Command)' != '') was evaluated as ('' != '' and '' != '').
       Task "Exec" skipped, due to false condition; ('%(PostBuildEvent.Command)' != '') was evaluated as ('' != '').
     1>Done building target "PostBuildEvent" in project "CS486_Project2.vcxproj".
     1>Target "BuildLink" in file "C:\Windows\Microsoft.NET\Framework\v4.0.30319\Microsoft.Common.Targets" from project "C:\Users\steve\Documents\Visual Studio 2010\Projects\CS486_Project2\CS486_Project2\CS486_Project2.vcxproj" (target "Build" depends on it):
     1>Done building target "BuildLink" in project "CS486_Project2.vcxproj".
     1>Target "AfterBuild" in file "C:\Program Files (x86)\MSBuild\Microsoft.Cpp\v4.0\Microsoft.BuildSteps.Targets" from project "C:\Users\steve\Documents\Visual Studio 2010\Projects\CS486_Project2\CS486_Project2\CS486_Project2.vcxproj" (target "Build" depends on it):
     1>Done building target "AfterBuild" in project "CS486_Project2.vcxproj".
     1>Target "FinalizeBuildStatus" in file "C:\Program Files (x86)\MSBuild\Microsoft.Cpp\v4.0\Microsoft.CppBuild.targets" from project "C:\Users\steve\Documents\Visual Studio 2010\Projects\CS486_Project2\CS486_Project2\CS486_Project2.vcxproj" (target "Build" depends on it):
       Using "Delete" task from assembly "Microsoft.Build.Tasks.v4.0, Version=4.0.0.0, Culture=neutral, PublicKeyToken=b03f5f7f11d50a3a".
       Task "Delete"
         Deleting file "x64\Debug\CS486_Project2.unsuccessfulbuild".
       Done executing task "Delete".
       Task "Touch"
         Touching "x64\Debug\CS486_Project2.lastbuildstate".
       Done executing task "Touch".
     1>Done building target "FinalizeBuildStatus" in project "CS486_Project2.vcxproj".
     1>Target "Build" in file "C:\Program Files (x86)\MSBuild\Microsoft.Cpp\v4.0\Microsoft.BuildSteps.Targets" from project "C:\Users\steve\Documents\Visual Studio 2010\Projects\CS486_Project2\CS486_Project2\CS486_Project2.vcxproj" (entry point):
     1>Done building target "Build" in project "CS486_Project2.vcxproj".
     1>Done Building Project "C:\Users\steve\Documents\Visual Studio 2010\Projects\CS486_Project2\CS486_Project2\CS486_Project2.vcxproj" (build target(s)).

Build succeeded.

Time Elapsed 00:00:00.44
